<?xml version="1.0" encoding="UTF-8"?>
<testsuite name="com.epam.esm.CertificateDAOImplTest" tests="3" skipped="0" failures="0" errors="0" timestamp="2021-11-25T08:50:48" hostname="LAPTOP-D3O57SJF" time="3.927">
  <properties/>
  <testcase name="findCertificateById()" classname="com.epam.esm.CertificateDAOImplTest" time="1.785"/>
  <testcase name="updateTest()" classname="com.epam.esm.CertificateDAOImplTest" time="1.15"/>
  <testcase name="findAllCertificates()" classname="com.epam.esm.CertificateDAOImplTest" time="0.989"/>
  <system-out><![CDATA[11:50:43.637 [Test worker] DEBUG org.springframework.test.context.BootstrapUtils - Instantiating CacheAwareContextLoaderDelegate from class [org.springframework.test.context.cache.DefaultCacheAwareContextLoaderDelegate]
11:50:43.649 [Test worker] DEBUG org.springframework.test.context.BootstrapUtils - Instantiating BootstrapContext using constructor [public org.springframework.test.context.support.DefaultBootstrapContext(java.lang.Class,org.springframework.test.context.CacheAwareContextLoaderDelegate)]
11:50:43.680 [Test worker] DEBUG org.springframework.test.context.BootstrapUtils - Instantiating TestContextBootstrapper for test class [com.epam.esm.CertificateDAOImplTest] from class [org.springframework.boot.test.context.SpringBootTestContextBootstrapper]
11:50:43.691 [Test worker] INFO org.springframework.boot.test.context.SpringBootTestContextBootstrapper - Neither @ContextConfiguration nor @ContextHierarchy found for test class [com.epam.esm.CertificateDAOImplTest], using SpringBootContextLoader
11:50:43.696 [Test worker] DEBUG org.springframework.test.context.support.AbstractContextLoader - Did not detect default resource location for test class [com.epam.esm.CertificateDAOImplTest]: class path resource [com/epam/esm/CertificateDAOImplTest-context.xml] does not exist
11:50:43.696 [Test worker] DEBUG org.springframework.test.context.support.AbstractContextLoader - Did not detect default resource location for test class [com.epam.esm.CertificateDAOImplTest]: class path resource [com/epam/esm/CertificateDAOImplTestContext.groovy] does not exist
11:50:43.697 [Test worker] INFO org.springframework.test.context.support.AbstractContextLoader - Could not detect default resource locations for test class [com.epam.esm.CertificateDAOImplTest]: no resource found for suffixes {-context.xml, Context.groovy}.
11:50:43.697 [Test worker] INFO org.springframework.test.context.support.AnnotationConfigContextLoaderUtils - Could not detect default configuration classes for test class [com.epam.esm.CertificateDAOImplTest]: CertificateDAOImplTest does not declare any static, non-private, non-final, nested classes annotated with @Configuration.
11:50:43.739 [Test worker] DEBUG org.springframework.test.context.support.ActiveProfilesUtils - Could not find an 'annotation declaring class' for annotation type [org.springframework.test.context.ActiveProfiles] and class [com.epam.esm.CertificateDAOImplTest]
11:50:43.799 [Test worker] DEBUG org.springframework.context.annotation.ClassPathScanningCandidateComponentProvider - Identified candidate component class: file [C:\Users\Evgeni\IdeaProjects\REST-API-certificate-advanced\build\classes\java\main\com\epam\esm\Application.class]
11:50:43.800 [Test worker] INFO org.springframework.boot.test.context.SpringBootTestContextBootstrapper - Found @SpringBootConfiguration com.epam.esm.Application for test class com.epam.esm.CertificateDAOImplTest
11:50:43.886 [Test worker] DEBUG org.springframework.boot.test.context.SpringBootTestContextBootstrapper - @TestExecutionListeners is not present for class [com.epam.esm.CertificateDAOImplTest]: using defaults.
11:50:43.887 [Test worker] INFO org.springframework.boot.test.context.SpringBootTestContextBootstrapper - Loaded default TestExecutionListener class names from location [META-INF/spring.factories]: [org.springframework.boot.test.autoconfigure.restdocs.RestDocsTestExecutionListener, org.springframework.boot.test.autoconfigure.web.client.MockRestServiceServerResetTestExecutionListener, org.springframework.boot.test.autoconfigure.web.servlet.MockMvcPrintOnlyOnFailureTestExecutionListener, org.springframework.boot.test.autoconfigure.web.servlet.WebDriverTestExecutionListener, org.springframework.boot.test.autoconfigure.webservices.client.MockWebServiceServerTestExecutionListener, org.springframework.boot.test.mock.mockito.MockitoTestExecutionListener, org.springframework.boot.test.mock.mockito.ResetMocksTestExecutionListener, org.springframework.test.context.web.ServletTestExecutionListener, org.springframework.test.context.support.DirtiesContextBeforeModesTestExecutionListener, org.springframework.test.context.event.ApplicationEventsTestExecutionListener, org.springframework.test.context.support.DependencyInjectionTestExecutionListener, org.springframework.test.context.support.DirtiesContextTestExecutionListener, org.springframework.test.context.transaction.TransactionalTestExecutionListener, org.springframework.test.context.jdbc.SqlScriptsTestExecutionListener, org.springframework.test.context.event.EventPublishingTestExecutionListener]
11:50:43.901 [Test worker] INFO org.springframework.boot.test.context.SpringBootTestContextBootstrapper - Using TestExecutionListeners: [org.springframework.test.context.web.ServletTestExecutionListener@78734ea, org.springframework.test.context.support.DirtiesContextBeforeModesTestExecutionListener@4436e661, org.springframework.test.context.event.ApplicationEventsTestExecutionListener@6512c8ae, org.springframework.boot.test.mock.mockito.MockitoTestExecutionListener@466803f7, org.springframework.boot.test.autoconfigure.SpringBootDependencyInjectionTestExecutionListener@78764fb4, org.springframework.test.context.support.DirtiesContextTestExecutionListener@b80ab35, org.springframework.test.context.transaction.TransactionalTestExecutionListener@78a45553, org.springframework.test.context.jdbc.SqlScriptsTestExecutionListener@7ed5860b, org.springframework.test.context.event.EventPublishingTestExecutionListener@34147d8a, org.springframework.boot.test.autoconfigure.restdocs.RestDocsTestExecutionListener@3a43a13e, org.springframework.boot.test.autoconfigure.web.client.MockRestServiceServerResetTestExecutionListener@609775e8, org.springframework.boot.test.autoconfigure.web.servlet.MockMvcPrintOnlyOnFailureTestExecutionListener@3220422f, org.springframework.boot.test.autoconfigure.web.servlet.WebDriverTestExecutionListener@254f91cc, org.springframework.boot.test.autoconfigure.webservices.client.MockWebServiceServerTestExecutionListener@2a29e0a, org.springframework.boot.test.mock.mockito.ResetMocksTestExecutionListener@59419383]
11:50:43.904 [Test worker] DEBUG org.springframework.test.context.support.AbstractDirtiesContextTestExecutionListener - Before test class: context [DefaultTestContext@5e1bacb6 testClass = CertificateDAOImplTest, testInstance = [null], testMethod = [null], testException = [null], mergedContextConfiguration = [WebMergedContextConfiguration@3cbe99d8 testClass = CertificateDAOImplTest, locations = '{}', classes = '{class com.epam.esm.Application}', contextInitializerClasses = '[]', activeProfiles = '{}', propertySourceLocations = '{}', propertySourceProperties = '{org.springframework.boot.test.context.SpringBootTestContextBootstrapper=true}', contextCustomizers = set[org.springframework.boot.test.autoconfigure.actuate.metrics.MetricsExportContextCustomizerFactory$DisableMetricExportContextCustomizer@62e1e16e, org.springframework.boot.test.autoconfigure.properties.PropertyMappingContextCustomizer@0, org.springframework.boot.test.autoconfigure.web.servlet.WebDriverContextCustomizerFactory$Customizer@5854b0d8, org.springframework.boot.test.context.filter.ExcludeFilterContextCustomizer@2cc7bb92, org.springframework.boot.test.json.DuplicateJsonObjectContextCustomizerFactory$DuplicateJsonObjectContextCustomizer@6243f978, org.springframework.boot.test.mock.mockito.MockitoContextCustomizer@0, org.springframework.boot.test.web.client.TestRestTemplateContextCustomizer@4bbeda05, org.springframework.boot.test.context.SpringBootTestArgs@1, org.springframework.boot.test.context.SpringBootTestWebEnvironment@104229e3], resourceBasePath = 'src/main/webapp', contextLoader = 'org.springframework.boot.test.context.SpringBootContextLoader', parent = [null]], attributes = map['org.springframework.test.context.web.ServletTestExecutionListener.activateListener' -> true]], class annotated with @DirtiesContext [true] with mode [BEFORE_EACH_TEST_METHOD].
11:50:43.932 [Test worker] DEBUG org.springframework.test.context.support.TestPropertySourceUtils - Adding inlined properties to environment: {spring.jmx.enabled=false, org.springframework.boot.test.context.SpringBootTestContextBootstrapper=true}

  .   ____          _            __ _ _
 /\\ / ___'_ __ _ _(_)_ __  __ _ \ \ \ \
( ( )\___ | '_ | '_| | '_ \/ _` | \ \ \ \
 \\/  ___)| |_)| | | | | || (_| |  ) ) ) )
  '  |____| .__|_| |_|_| |_\__, | / / / /
 =========|_|==============|___/=/_/_/_/
 :: Spring Boot ::                (v2.5.1)

2021-11-25 11:50:44.189  INFO 20000 --- [    Test worker] com.epam.esm.CertificateDAOImplTest      : Starting CertificateDAOImplTest using Java 15.0.2 on LAPTOP-D3O57SJF with PID 20000 (started by Evgeni in C:\Users\Evgeni\IdeaProjects\REST-API-certificate-advanced)
2021-11-25 11:50:44.191  INFO 20000 --- [    Test worker] com.epam.esm.CertificateDAOImplTest      : No active profile set, falling back to default profiles: default
2021-11-25 11:50:45.144  INFO 20000 --- [    Test worker] .s.d.r.c.RepositoryConfigurationDelegate : Bootstrapping Spring Data JPA repositories in DEFAULT mode.
2021-11-25 11:50:45.175  INFO 20000 --- [    Test worker] .s.d.r.c.RepositoryConfigurationDelegate : Finished Spring Data repository scanning in 23 ms. Found 0 JPA repository interfaces.
2021-11-25 11:50:45.702  INFO 20000 --- [    Test worker] com.zaxxer.hikari.HikariDataSource       : HikariPool-1 - Starting...
2021-11-25 11:50:45.913  INFO 20000 --- [    Test worker] com.zaxxer.hikari.HikariDataSource       : HikariPool-1 - Start completed.
2021-11-25 11:50:46.033  INFO 20000 --- [    Test worker] org.hibernate.Version                    : HHH000412: Hibernate ORM core version 5.4.32.Final
2021-11-25 11:50:46.209  INFO 20000 --- [    Test worker] o.hibernate.annotations.common.Version   : HCANN000001: Hibernate Commons Annotations {5.1.2.Final}
2021-11-25 11:50:46.317  INFO 20000 --- [    Test worker] org.hibernate.dialect.Dialect            : HHH000400: Using dialect: org.hibernate.dialect.H2Dialect
Hibernate: drop table if exists clientele CASCADE 
Hibernate: drop table if exists gift_certificate CASCADE 
Hibernate: drop table if exists gift_order CASCADE 
Hibernate: drop table if exists order_has_gift_certificate CASCADE 
Hibernate: drop table if exists relationship_certificates_and_tags CASCADE 
Hibernate: drop table if exists tag CASCADE 
Hibernate: create table clientele (id bigint generated by default as identity, name varchar(300) not null, primary key (id))
Hibernate: create table gift_certificate (id bigint generated by default as identity, create_date timestamp, description varchar(300) not null, duration integer not null, is_active boolean not null, last_update_date timestamp, name varchar(300) not null, price decimal(10,2) not null, primary key (id))
Hibernate: create table gift_order (id bigint generated by default as identity, cost decimal(10,2) not null, order_date timestamp, user_id bigint not null, primary key (id))
Hibernate: create table order_has_gift_certificate (gift_order_id bigint not null, gift_certificate_id bigint not null)
Hibernate: create table relationship_certificates_and_tags (gift_certificate_id bigint not null, tag_id bigint not null, primary key (gift_certificate_id, tag_id))
Hibernate: create table tag (id bigint generated by default as identity, name varchar(300) not null, primary key (id))
Hibernate: alter table clientele add constraint UK_aobfmhlv396hnawh3b75yfcut unique (name)
Hibernate: alter table tag add constraint UK_1wdpsed5kna2y38hnbgrnhi5b unique (name)
Hibernate: alter table gift_order add constraint FK8gi4qpa22d8majg14cotvpol foreign key (user_id) references clientele
Hibernate: alter table order_has_gift_certificate add constraint FKp7rxfnbo172fdo7qmpjs631e8 foreign key (gift_certificate_id) references gift_certificate
Hibernate: alter table order_has_gift_certificate add constraint FKaxxoocmkt7ft5d9wnabpw3x4b foreign key (gift_order_id) references gift_order
Hibernate: alter table relationship_certificates_and_tags add constraint FK9212cpwrctblegfcgkv8as854 foreign key (tag_id) references tag
Hibernate: alter table relationship_certificates_and_tags add constraint FKa93onw039ce54osfbyaca8cl1 foreign key (gift_certificate_id) references gift_certificate
2021-11-25 11:50:46.956  INFO 20000 --- [    Test worker] o.h.e.t.j.p.i.JtaPlatformInitiator       : HHH000490: Using JtaPlatform implementation: [org.hibernate.engine.transaction.jta.platform.internal.NoJtaPlatform]
2021-11-25 11:50:47.478  WARN 20000 --- [    Test worker] JpaBaseConfiguration$JpaWebConfiguration : spring.jpa.open-in-view is enabled by default. Therefore, database queries may be performed during view rendering. Explicitly configure spring.jpa.open-in-view to disable this warning
2021-11-25 11:50:48.850  INFO 20000 --- [    Test worker] o.s.b.a.e.web.EndpointLinksResolver      : Exposing 1 endpoint(s) beneath base path '/actuator'
2021-11-25 11:50:48.922  INFO 20000 --- [    Test worker] com.epam.esm.CertificateDAOImplTest      : Started CertificateDAOImplTest in 4.985 seconds (JVM running for 5.999)
2021-11-25 11:50:49.001  INFO 20000 --- [    Test worker] com.zaxxer.hikari.HikariDataSource       : HikariPool-1 - Shutdown initiated...
2021-11-25 11:50:49.004  INFO 20000 --- [    Test worker] com.zaxxer.hikari.HikariDataSource       : HikariPool-1 - Shutdown completed.

  .   ____          _            __ _ _
 /\\ / ___'_ __ _ _(_)_ __  __ _ \ \ \ \
( ( )\___ | '_ | '_| | '_ \/ _` | \ \ \ \
 \\/  ___)| |_)| | | | | || (_| |  ) ) ) )
  '  |____| .__|_| |_|_| |_\__, | / / / /
 =========|_|==============|___/=/_/_/_/
 :: Spring Boot ::                (v2.5.1)

2021-11-25 11:50:49.042  INFO 20000 --- [    Test worker] com.epam.esm.CertificateDAOImplTest      : Starting CertificateDAOImplTest using Java 15.0.2 on LAPTOP-D3O57SJF with PID 20000 (started by Evgeni in C:\Users\Evgeni\IdeaProjects\REST-API-certificate-advanced)
2021-11-25 11:50:49.043  INFO 20000 --- [    Test worker] com.epam.esm.CertificateDAOImplTest      : No active profile set, falling back to default profiles: default
2021-11-25 11:50:49.386  INFO 20000 --- [    Test worker] .s.d.r.c.RepositoryConfigurationDelegate : Bootstrapping Spring Data JPA repositories in DEFAULT mode.
2021-11-25 11:50:49.403  INFO 20000 --- [    Test worker] .s.d.r.c.RepositoryConfigurationDelegate : Finished Spring Data repository scanning in 16 ms. Found 0 JPA repository interfaces.
2021-11-25 11:50:49.545  INFO 20000 --- [    Test worker] com.zaxxer.hikari.HikariDataSource       : HikariPool-2 - Starting...
2021-11-25 11:50:49.547  INFO 20000 --- [    Test worker] com.zaxxer.hikari.HikariDataSource       : HikariPool-2 - Start completed.
2021-11-25 11:50:49.586  INFO 20000 --- [    Test worker] org.hibernate.dialect.Dialect            : HHH000400: Using dialect: org.hibernate.dialect.H2Dialect
Hibernate: drop table if exists clientele CASCADE 
Hibernate: drop table if exists gift_certificate CASCADE 
Hibernate: drop table if exists gift_order CASCADE 
Hibernate: drop table if exists order_has_gift_certificate CASCADE 
Hibernate: drop table if exists relationship_certificates_and_tags CASCADE 
Hibernate: drop table if exists tag CASCADE 
Hibernate: create table clientele (id bigint generated by default as identity, name varchar(300) not null, primary key (id))
Hibernate: create table gift_certificate (id bigint generated by default as identity, create_date timestamp, description varchar(300) not null, duration integer not null, is_active boolean not null, last_update_date timestamp, name varchar(300) not null, price decimal(10,2) not null, primary key (id))
Hibernate: create table gift_order (id bigint generated by default as identity, cost decimal(10,2) not null, order_date timestamp, user_id bigint not null, primary key (id))
Hibernate: create table order_has_gift_certificate (gift_order_id bigint not null, gift_certificate_id bigint not null)
Hibernate: create table relationship_certificates_and_tags (gift_certificate_id bigint not null, tag_id bigint not null, primary key (gift_certificate_id, tag_id))
Hibernate: create table tag (id bigint generated by default as identity, name varchar(300) not null, primary key (id))
Hibernate: alter table clientele add constraint UK_aobfmhlv396hnawh3b75yfcut unique (name)
Hibernate: alter table tag add constraint UK_1wdpsed5kna2y38hnbgrnhi5b unique (name)
Hibernate: alter table gift_order add constraint FK8gi4qpa22d8majg14cotvpol foreign key (user_id) references clientele
Hibernate: alter table order_has_gift_certificate add constraint FKp7rxfnbo172fdo7qmpjs631e8 foreign key (gift_certificate_id) references gift_certificate
Hibernate: alter table order_has_gift_certificate add constraint FKaxxoocmkt7ft5d9wnabpw3x4b foreign key (gift_order_id) references gift_order
Hibernate: alter table relationship_certificates_and_tags add constraint FK9212cpwrctblegfcgkv8as854 foreign key (tag_id) references tag
Hibernate: alter table relationship_certificates_and_tags add constraint FKa93onw039ce54osfbyaca8cl1 foreign key (gift_certificate_id) references gift_certificate
2021-11-25 11:50:49.705  INFO 20000 --- [    Test worker] o.h.e.t.j.p.i.JtaPlatformInitiator       : HHH000490: Using JtaPlatform implementation: [org.hibernate.engine.transaction.jta.platform.internal.NoJtaPlatform]
2021-11-25 11:50:49.917  WARN 20000 --- [    Test worker] JpaBaseConfiguration$JpaWebConfiguration : spring.jpa.open-in-view is enabled by default. Therefore, database queries may be performed during view rendering. Explicitly configure spring.jpa.open-in-view to disable this warning
2021-11-25 11:50:50.464  INFO 20000 --- [    Test worker] o.s.b.a.e.web.EndpointLinksResolver      : Exposing 1 endpoint(s) beneath base path '/actuator'
2021-11-25 11:50:50.497  INFO 20000 --- [    Test worker] com.epam.esm.CertificateDAOImplTest      : Started CertificateDAOImplTest in 1.49 seconds (JVM running for 7.574)
Hibernate: select certificat0_.id as id1_1_0_, certificat0_.create_date as create_d2_1_0_, certificat0_.description as descript3_1_0_, certificat0_.duration as duration4_1_0_, certificat0_.is_active as is_activ5_1_0_, certificat0_.last_update_date as last_upd6_1_0_, certificat0_.name as name7_1_0_, certificat0_.price as price8_1_0_ from gift_certificate certificat0_ where certificat0_.id=?
2021-11-25 11:50:50.782  INFO 20000 --- [    Test worker] com.zaxxer.hikari.HikariDataSource       : HikariPool-2 - Shutdown initiated...
2021-11-25 11:50:50.783  INFO 20000 --- [    Test worker] com.zaxxer.hikari.HikariDataSource       : HikariPool-2 - Shutdown completed.

  .   ____          _            __ _ _
 /\\ / ___'_ __ _ _(_)_ __  __ _ \ \ \ \
( ( )\___ | '_ | '_| | '_ \/ _` | \ \ \ \
 \\/  ___)| |_)| | | | | || (_| |  ) ) ) )
  '  |____| .__|_| |_|_| |_\__, | / / / /
 =========|_|==============|___/=/_/_/_/
 :: Spring Boot ::                (v2.5.1)

2021-11-25 11:50:50.816  INFO 20000 --- [    Test worker] com.epam.esm.CertificateDAOImplTest      : Starting CertificateDAOImplTest using Java 15.0.2 on LAPTOP-D3O57SJF with PID 20000 (started by Evgeni in C:\Users\Evgeni\IdeaProjects\REST-API-certificate-advanced)
2021-11-25 11:50:50.817  INFO 20000 --- [    Test worker] com.epam.esm.CertificateDAOImplTest      : No active profile set, falling back to default profiles: default
2021-11-25 11:50:51.109  INFO 20000 --- [    Test worker] .s.d.r.c.RepositoryConfigurationDelegate : Bootstrapping Spring Data JPA repositories in DEFAULT mode.
2021-11-25 11:50:51.126  INFO 20000 --- [    Test worker] .s.d.r.c.RepositoryConfigurationDelegate : Finished Spring Data repository scanning in 16 ms. Found 0 JPA repository interfaces.
2021-11-25 11:50:51.257  INFO 20000 --- [    Test worker] com.zaxxer.hikari.HikariDataSource       : HikariPool-3 - Starting...
2021-11-25 11:50:51.259  INFO 20000 --- [    Test worker] com.zaxxer.hikari.HikariDataSource       : HikariPool-3 - Start completed.
2021-11-25 11:50:51.289  INFO 20000 --- [    Test worker] org.hibernate.dialect.Dialect            : HHH000400: Using dialect: org.hibernate.dialect.H2Dialect
Hibernate: drop table if exists clientele CASCADE 
Hibernate: drop table if exists gift_certificate CASCADE 
Hibernate: drop table if exists gift_order CASCADE 
Hibernate: drop table if exists order_has_gift_certificate CASCADE 
Hibernate: drop table if exists relationship_certificates_and_tags CASCADE 
Hibernate: drop table if exists tag CASCADE 
Hibernate: create table clientele (id bigint generated by default as identity, name varchar(300) not null, primary key (id))
Hibernate: create table gift_certificate (id bigint generated by default as identity, create_date timestamp, description varchar(300) not null, duration integer not null, is_active boolean not null, last_update_date timestamp, name varchar(300) not null, price decimal(10,2) not null, primary key (id))
Hibernate: create table gift_order (id bigint generated by default as identity, cost decimal(10,2) not null, order_date timestamp, user_id bigint not null, primary key (id))
Hibernate: create table order_has_gift_certificate (gift_order_id bigint not null, gift_certificate_id bigint not null)
Hibernate: create table relationship_certificates_and_tags (gift_certificate_id bigint not null, tag_id bigint not null, primary key (gift_certificate_id, tag_id))
Hibernate: create table tag (id bigint generated by default as identity, name varchar(300) not null, primary key (id))
Hibernate: alter table clientele add constraint UK_aobfmhlv396hnawh3b75yfcut unique (name)
Hibernate: alter table tag add constraint UK_1wdpsed5kna2y38hnbgrnhi5b unique (name)
Hibernate: alter table gift_order add constraint FK8gi4qpa22d8majg14cotvpol foreign key (user_id) references clientele
Hibernate: alter table order_has_gift_certificate add constraint FKp7rxfnbo172fdo7qmpjs631e8 foreign key (gift_certificate_id) references gift_certificate
Hibernate: alter table order_has_gift_certificate add constraint FKaxxoocmkt7ft5d9wnabpw3x4b foreign key (gift_order_id) references gift_order
Hibernate: alter table relationship_certificates_and_tags add constraint FK9212cpwrctblegfcgkv8as854 foreign key (tag_id) references tag
Hibernate: alter table relationship_certificates_and_tags add constraint FKa93onw039ce54osfbyaca8cl1 foreign key (gift_certificate_id) references gift_certificate
2021-11-25 11:50:51.382  INFO 20000 --- [    Test worker] o.h.e.t.j.p.i.JtaPlatformInitiator       : HHH000490: Using JtaPlatform implementation: [org.hibernate.engine.transaction.jta.platform.internal.NoJtaPlatform]
2021-11-25 11:50:51.545  WARN 20000 --- [    Test worker] JpaBaseConfiguration$JpaWebConfiguration : spring.jpa.open-in-view is enabled by default. Therefore, database queries may be performed during view rendering. Explicitly configure spring.jpa.open-in-view to disable this warning
2021-11-25 11:50:51.882  INFO 20000 --- [    Test worker] o.s.b.a.e.web.EndpointLinksResolver      : Exposing 1 endpoint(s) beneath base path '/actuator'
2021-11-25 11:50:51.914  INFO 20000 --- [    Test worker] com.epam.esm.CertificateDAOImplTest      : Started CertificateDAOImplTest in 1.127 seconds (JVM running for 8.99)
2021-11-25 11:50:51.932  INFO 20000 --- [    Test worker] com.zaxxer.hikari.HikariDataSource       : HikariPool-3 - Shutdown initiated...
2021-11-25 11:50:51.933  INFO 20000 --- [    Test worker] com.zaxxer.hikari.HikariDataSource       : HikariPool-3 - Shutdown completed.

  .   ____          _            __ _ _
 /\\ / ___'_ __ _ _(_)_ __  __ _ \ \ \ \
( ( )\___ | '_ | '_| | '_ \/ _` | \ \ \ \
 \\/  ___)| |_)| | | | | || (_| |  ) ) ) )
  '  |____| .__|_| |_|_| |_\__, | / / / /
 =========|_|==============|___/=/_/_/_/
 :: Spring Boot ::                (v2.5.1)

2021-11-25 11:50:51.955  INFO 20000 --- [    Test worker] com.epam.esm.CertificateDAOImplTest      : Starting CertificateDAOImplTest using Java 15.0.2 on LAPTOP-D3O57SJF with PID 20000 (started by Evgeni in C:\Users\Evgeni\IdeaProjects\REST-API-certificate-advanced)
2021-11-25 11:50:51.955  INFO 20000 --- [    Test worker] com.epam.esm.CertificateDAOImplTest      : No active profile set, falling back to default profiles: default
2021-11-25 11:50:52.160  INFO 20000 --- [    Test worker] .s.d.r.c.RepositoryConfigurationDelegate : Bootstrapping Spring Data JPA repositories in DEFAULT mode.
2021-11-25 11:50:52.176  INFO 20000 --- [    Test worker] .s.d.r.c.RepositoryConfigurationDelegate : Finished Spring Data repository scanning in 14 ms. Found 0 JPA repository interfaces.
2021-11-25 11:50:52.241  INFO 20000 --- [    Test worker] com.zaxxer.hikari.HikariDataSource       : HikariPool-4 - Starting...
2021-11-25 11:50:52.243  INFO 20000 --- [    Test worker] com.zaxxer.hikari.HikariDataSource       : HikariPool-4 - Start completed.
2021-11-25 11:50:52.269  INFO 20000 --- [    Test worker] org.hibernate.dialect.Dialect            : HHH000400: Using dialect: org.hibernate.dialect.H2Dialect
Hibernate: drop table if exists clientele CASCADE 
Hibernate: drop table if exists gift_certificate CASCADE 
Hibernate: drop table if exists gift_order CASCADE 
Hibernate: drop table if exists order_has_gift_certificate CASCADE 
Hibernate: drop table if exists relationship_certificates_and_tags CASCADE 
Hibernate: drop table if exists tag CASCADE 
Hibernate: create table clientele (id bigint generated by default as identity, name varchar(300) not null, primary key (id))
Hibernate: create table gift_certificate (id bigint generated by default as identity, create_date timestamp, description varchar(300) not null, duration integer not null, is_active boolean not null, last_update_date timestamp, name varchar(300) not null, price decimal(10,2) not null, primary key (id))
Hibernate: create table gift_order (id bigint generated by default as identity, cost decimal(10,2) not null, order_date timestamp, user_id bigint not null, primary key (id))
Hibernate: create table order_has_gift_certificate (gift_order_id bigint not null, gift_certificate_id bigint not null)
Hibernate: create table relationship_certificates_and_tags (gift_certificate_id bigint not null, tag_id bigint not null, primary key (gift_certificate_id, tag_id))
Hibernate: create table tag (id bigint generated by default as identity, name varchar(300) not null, primary key (id))
Hibernate: alter table clientele add constraint UK_aobfmhlv396hnawh3b75yfcut unique (name)
Hibernate: alter table tag add constraint UK_1wdpsed5kna2y38hnbgrnhi5b unique (name)
Hibernate: alter table gift_order add constraint FK8gi4qpa22d8majg14cotvpol foreign key (user_id) references clientele
Hibernate: alter table order_has_gift_certificate add constraint FKp7rxfnbo172fdo7qmpjs631e8 foreign key (gift_certificate_id) references gift_certificate
Hibernate: alter table order_has_gift_certificate add constraint FKaxxoocmkt7ft5d9wnabpw3x4b foreign key (gift_order_id) references gift_order
Hibernate: alter table relationship_certificates_and_tags add constraint FK9212cpwrctblegfcgkv8as854 foreign key (tag_id) references tag
Hibernate: alter table relationship_certificates_and_tags add constraint FKa93onw039ce54osfbyaca8cl1 foreign key (gift_certificate_id) references gift_certificate
2021-11-25 11:50:52.349  INFO 20000 --- [    Test worker] o.h.e.t.j.p.i.JtaPlatformInitiator       : HHH000490: Using JtaPlatform implementation: [org.hibernate.engine.transaction.jta.platform.internal.NoJtaPlatform]
2021-11-25 11:50:52.465  WARN 20000 --- [    Test worker] JpaBaseConfiguration$JpaWebConfiguration : spring.jpa.open-in-view is enabled by default. Therefore, database queries may be performed during view rendering. Explicitly configure spring.jpa.open-in-view to disable this warning
2021-11-25 11:50:52.789  INFO 20000 --- [    Test worker] o.s.b.a.e.web.EndpointLinksResolver      : Exposing 1 endpoint(s) beneath base path '/actuator'
2021-11-25 11:50:52.819  INFO 20000 --- [    Test worker] com.epam.esm.CertificateDAOImplTest      : Started CertificateDAOImplTest in 0.884 seconds (JVM running for 9.895)
Hibernate: select certificat0_.id as id1_1_, certificat0_.create_date as create_d2_1_, certificat0_.description as descript3_1_, certificat0_.duration as duration4_1_, certificat0_.is_active as is_activ5_1_, certificat0_.last_update_date as last_upd6_1_, certificat0_.name as name7_1_, certificat0_.price as price8_1_ from gift_certificate certificat0_ limit ? offset ?
]]></system-out>
  <system-err><![CDATA[]]></system-err>
</testsuite>
