<?xml version="1.0" encoding="UTF-8"?>
<testsuite name="com.epam.esm.UserDAOImplTest" tests="2" skipped="0" failures="0" errors="0" timestamp="2021-11-25T08:50:59" hostname="LAPTOP-D3O57SJF" time="1.44">
  <properties/>
  <testcase name="findUserById()" classname="com.epam.esm.UserDAOImplTest" time="0.734"/>
  <testcase name="findAllUsers()" classname="com.epam.esm.UserDAOImplTest" time="0.706"/>
  <system-out><![CDATA[2021-11-25 11:50:59.966  INFO 20000 --- [    Test worker] .b.t.c.SpringBootTestContextBootstrapper : Neither @ContextConfiguration nor @ContextHierarchy found for test class [com.epam.esm.UserDAOImplTest], using SpringBootContextLoader
2021-11-25 11:50:59.967  INFO 20000 --- [    Test worker] o.s.t.c.support.AbstractContextLoader    : Could not detect default resource locations for test class [com.epam.esm.UserDAOImplTest]: no resource found for suffixes {-context.xml, Context.groovy}.
2021-11-25 11:50:59.967  INFO 20000 --- [    Test worker] t.c.s.AnnotationConfigContextLoaderUtils : Could not detect default configuration classes for test class [com.epam.esm.UserDAOImplTest]: UserDAOImplTest does not declare any static, non-private, non-final, nested classes annotated with @Configuration.
2021-11-25 11:50:59.968  INFO 20000 --- [    Test worker] .b.t.c.SpringBootTestContextBootstrapper : Found @SpringBootConfiguration com.epam.esm.Application for test class com.epam.esm.UserDAOImplTest
2021-11-25 11:50:59.969  INFO 20000 --- [    Test worker] .b.t.c.SpringBootTestContextBootstrapper : Loaded default TestExecutionListener class names from location [META-INF/spring.factories]: [org.springframework.boot.test.autoconfigure.restdocs.RestDocsTestExecutionListener, org.springframework.boot.test.autoconfigure.web.client.MockRestServiceServerResetTestExecutionListener, org.springframework.boot.test.autoconfigure.web.servlet.MockMvcPrintOnlyOnFailureTestExecutionListener, org.springframework.boot.test.autoconfigure.web.servlet.WebDriverTestExecutionListener, org.springframework.boot.test.autoconfigure.webservices.client.MockWebServiceServerTestExecutionListener, org.springframework.boot.test.mock.mockito.MockitoTestExecutionListener, org.springframework.boot.test.mock.mockito.ResetMocksTestExecutionListener, org.springframework.test.context.web.ServletTestExecutionListener, org.springframework.test.context.support.DirtiesContextBeforeModesTestExecutionListener, org.springframework.test.context.event.ApplicationEventsTestExecutionListener, org.springframework.test.context.support.DependencyInjectionTestExecutionListener, org.springframework.test.context.support.DirtiesContextTestExecutionListener, org.springframework.test.context.transaction.TransactionalTestExecutionListener, org.springframework.test.context.jdbc.SqlScriptsTestExecutionListener, org.springframework.test.context.event.EventPublishingTestExecutionListener]
2021-11-25 11:50:59.969  INFO 20000 --- [    Test worker] .b.t.c.SpringBootTestContextBootstrapper : Using TestExecutionListeners: [org.springframework.test.context.web.ServletTestExecutionListener@3a4750e6, org.springframework.test.context.support.DirtiesContextBeforeModesTestExecutionListener@6e9f4db9, org.springframework.test.context.event.ApplicationEventsTestExecutionListener@269f4759, org.springframework.boot.test.mock.mockito.MockitoTestExecutionListener@38f12ccf, org.springframework.boot.test.autoconfigure.SpringBootDependencyInjectionTestExecutionListener@38b19b57, org.springframework.test.context.support.DirtiesContextTestExecutionListener@2cd7eb7d, org.springframework.test.context.transaction.TransactionalTestExecutionListener@70aed431, org.springframework.test.context.jdbc.SqlScriptsTestExecutionListener@410819bf, org.springframework.test.context.event.EventPublishingTestExecutionListener@75d759ea, org.springframework.boot.test.autoconfigure.restdocs.RestDocsTestExecutionListener@6648c82e, org.springframework.boot.test.autoconfigure.web.client.MockRestServiceServerResetTestExecutionListener@6041878a, org.springframework.boot.test.autoconfigure.web.servlet.MockMvcPrintOnlyOnFailureTestExecutionListener@6185bfdc, org.springframework.boot.test.autoconfigure.web.servlet.WebDriverTestExecutionListener@2ed2b20f, org.springframework.boot.test.autoconfigure.webservices.client.MockWebServiceServerTestExecutionListener@e7b1643, org.springframework.boot.test.mock.mockito.ResetMocksTestExecutionListener@62eabdd1]
2021-11-25 11:50:59.972  INFO 20000 --- [    Test worker] com.zaxxer.hikari.HikariDataSource       : HikariPool-13 - Shutdown initiated...
2021-11-25 11:50:59.973  INFO 20000 --- [    Test worker] com.zaxxer.hikari.HikariDataSource       : HikariPool-13 - Shutdown completed.

  .   ____          _            __ _ _
 /\\ / ___'_ __ _ _(_)_ __  __ _ \ \ \ \
( ( )\___ | '_ | '_| | '_ \/ _` | \ \ \ \
 \\/  ___)| |_)| | | | | || (_| |  ) ) ) )
  '  |____| .__|_| |_|_| |_\__, | / / / /
 =========|_|==============|___/=/_/_/_/
 :: Spring Boot ::                (v2.5.1)

2021-11-25 11:50:59.988  INFO 20000 --- [    Test worker] com.epam.esm.UserDAOImplTest             : Starting UserDAOImplTest using Java 15.0.2 on LAPTOP-D3O57SJF with PID 20000 (started by Evgeni in C:\Users\Evgeni\IdeaProjects\REST-API-certificate-advanced)
2021-11-25 11:50:59.988  INFO 20000 --- [    Test worker] com.epam.esm.UserDAOImplTest             : The following profiles are active: dev
2021-11-25 11:51:00.147  INFO 20000 --- [    Test worker] .s.d.r.c.RepositoryConfigurationDelegate : Bootstrapping Spring Data JPA repositories in DEFAULT mode.
2021-11-25 11:51:00.158  INFO 20000 --- [    Test worker] .s.d.r.c.RepositoryConfigurationDelegate : Finished Spring Data repository scanning in 11 ms. Found 0 JPA repository interfaces.
2021-11-25 11:51:00.225  INFO 20000 --- [    Test worker] com.zaxxer.hikari.HikariDataSource       : HikariPool-14 - Starting...
2021-11-25 11:51:00.226  INFO 20000 --- [    Test worker] com.zaxxer.hikari.HikariDataSource       : HikariPool-14 - Start completed.
2021-11-25 11:51:00.248  INFO 20000 --- [    Test worker] org.hibernate.dialect.Dialect            : HHH000400: Using dialect: org.hibernate.dialect.H2Dialect
Hibernate: drop table if exists clientele CASCADE 
Hibernate: drop table if exists gift_certificate CASCADE 
Hibernate: drop table if exists gift_order CASCADE 
Hibernate: drop table if exists order_has_gift_certificate CASCADE 
Hibernate: drop table if exists relationship_certificates_and_tags CASCADE 
Hibernate: drop table if exists tag CASCADE 
Hibernate: create table clientele (id bigint generated by default as identity, name varchar(300) not null, primary key (id))
Hibernate: create table gift_certificate (id bigint generated by default as identity, create_date timestamp, description varchar(300) not null, duration integer not null, is_active boolean not null, last_update_date timestamp, name varchar(300) not null, price decimal(10,2) not null, primary key (id))
Hibernate: create table gift_order (id bigint generated by default as identity, cost decimal(10,2) not null, order_date timestamp, user_id bigint not null, primary key (id))
Hibernate: create table order_has_gift_certificate (gift_order_id bigint not null, gift_certificate_id bigint not null)
Hibernate: create table relationship_certificates_and_tags (gift_certificate_id bigint not null, tag_id bigint not null, primary key (gift_certificate_id, tag_id))
Hibernate: create table tag (id bigint generated by default as identity, name varchar(300) not null, primary key (id))
Hibernate: alter table clientele add constraint UK_aobfmhlv396hnawh3b75yfcut unique (name)
Hibernate: alter table tag add constraint UK_1wdpsed5kna2y38hnbgrnhi5b unique (name)
Hibernate: alter table gift_order add constraint FK8gi4qpa22d8majg14cotvpol foreign key (user_id) references clientele
Hibernate: alter table order_has_gift_certificate add constraint FKp7rxfnbo172fdo7qmpjs631e8 foreign key (gift_certificate_id) references gift_certificate
Hibernate: alter table order_has_gift_certificate add constraint FKaxxoocmkt7ft5d9wnabpw3x4b foreign key (gift_order_id) references gift_order
Hibernate: alter table relationship_certificates_and_tags add constraint FK9212cpwrctblegfcgkv8as854 foreign key (tag_id) references tag
Hibernate: alter table relationship_certificates_and_tags add constraint FKa93onw039ce54osfbyaca8cl1 foreign key (gift_certificate_id) references gift_certificate
2021-11-25 11:51:00.291  INFO 20000 --- [    Test worker] o.h.e.t.j.p.i.JtaPlatformInitiator       : HHH000490: Using JtaPlatform implementation: [org.hibernate.engine.transaction.jta.platform.internal.NoJtaPlatform]
2021-11-25 11:51:00.372  WARN 20000 --- [    Test worker] JpaBaseConfiguration$JpaWebConfiguration : spring.jpa.open-in-view is enabled by default. Therefore, database queries may be performed during view rendering. Explicitly configure spring.jpa.open-in-view to disable this warning
2021-11-25 11:51:00.668  INFO 20000 --- [    Test worker] o.s.b.a.e.web.EndpointLinksResolver      : Exposing 1 endpoint(s) beneath base path '/actuator'
2021-11-25 11:51:00.693  INFO 20000 --- [    Test worker] com.epam.esm.UserDAOImplTest             : Started UserDAOImplTest in 0.718 seconds (JVM running for 17.77)
Hibernate: select user0_.id as id1_0_0_, user0_.name as name2_0_0_ from clientele user0_ where user0_.id=?
2021-11-25 11:51:00.706  INFO 20000 --- [    Test worker] com.zaxxer.hikari.HikariDataSource       : HikariPool-14 - Shutdown initiated...
2021-11-25 11:51:00.707  INFO 20000 --- [    Test worker] com.zaxxer.hikari.HikariDataSource       : HikariPool-14 - Shutdown completed.

  .   ____          _            __ _ _
 /\\ / ___'_ __ _ _(_)_ __  __ _ \ \ \ \
( ( )\___ | '_ | '_| | '_ \/ _` | \ \ \ \
 \\/  ___)| |_)| | | | | || (_| |  ) ) ) )
  '  |____| .__|_| |_|_| |_\__, | / / / /
 =========|_|==============|___/=/_/_/_/
 :: Spring Boot ::                (v2.5.1)

2021-11-25 11:51:00.724  INFO 20000 --- [    Test worker] com.epam.esm.UserDAOImplTest             : Starting UserDAOImplTest using Java 15.0.2 on LAPTOP-D3O57SJF with PID 20000 (started by Evgeni in C:\Users\Evgeni\IdeaProjects\REST-API-certificate-advanced)
2021-11-25 11:51:00.724  INFO 20000 --- [    Test worker] com.epam.esm.UserDAOImplTest             : The following profiles are active: dev
2021-11-25 11:51:00.875  INFO 20000 --- [    Test worker] .s.d.r.c.RepositoryConfigurationDelegate : Bootstrapping Spring Data JPA repositories in DEFAULT mode.
2021-11-25 11:51:00.886  INFO 20000 --- [    Test worker] .s.d.r.c.RepositoryConfigurationDelegate : Finished Spring Data repository scanning in 10 ms. Found 0 JPA repository interfaces.
2021-11-25 11:51:00.944  INFO 20000 --- [    Test worker] com.zaxxer.hikari.HikariDataSource       : HikariPool-15 - Starting...
2021-11-25 11:51:00.944  INFO 20000 --- [    Test worker] com.zaxxer.hikari.HikariDataSource       : HikariPool-15 - Start completed.
2021-11-25 11:51:00.966  INFO 20000 --- [    Test worker] org.hibernate.dialect.Dialect            : HHH000400: Using dialect: org.hibernate.dialect.H2Dialect
Hibernate: drop table if exists clientele CASCADE 
Hibernate: drop table if exists gift_certificate CASCADE 
Hibernate: drop table if exists gift_order CASCADE 
Hibernate: drop table if exists order_has_gift_certificate CASCADE 
Hibernate: drop table if exists relationship_certificates_and_tags CASCADE 
Hibernate: drop table if exists tag CASCADE 
Hibernate: create table clientele (id bigint generated by default as identity, name varchar(300) not null, primary key (id))
Hibernate: create table gift_certificate (id bigint generated by default as identity, create_date timestamp, description varchar(300) not null, duration integer not null, is_active boolean not null, last_update_date timestamp, name varchar(300) not null, price decimal(10,2) not null, primary key (id))
Hibernate: create table gift_order (id bigint generated by default as identity, cost decimal(10,2) not null, order_date timestamp, user_id bigint not null, primary key (id))
Hibernate: create table order_has_gift_certificate (gift_order_id bigint not null, gift_certificate_id bigint not null)
Hibernate: create table relationship_certificates_and_tags (gift_certificate_id bigint not null, tag_id bigint not null, primary key (gift_certificate_id, tag_id))
Hibernate: create table tag (id bigint generated by default as identity, name varchar(300) not null, primary key (id))
Hibernate: alter table clientele add constraint UK_aobfmhlv396hnawh3b75yfcut unique (name)
Hibernate: alter table tag add constraint UK_1wdpsed5kna2y38hnbgrnhi5b unique (name)
Hibernate: alter table gift_order add constraint FK8gi4qpa22d8majg14cotvpol foreign key (user_id) references clientele
Hibernate: alter table order_has_gift_certificate add constraint FKp7rxfnbo172fdo7qmpjs631e8 foreign key (gift_certificate_id) references gift_certificate
Hibernate: alter table order_has_gift_certificate add constraint FKaxxoocmkt7ft5d9wnabpw3x4b foreign key (gift_order_id) references gift_order
Hibernate: alter table relationship_certificates_and_tags add constraint FK9212cpwrctblegfcgkv8as854 foreign key (tag_id) references tag
Hibernate: alter table relationship_certificates_and_tags add constraint FKa93onw039ce54osfbyaca8cl1 foreign key (gift_certificate_id) references gift_certificate
2021-11-25 11:51:01.003  INFO 20000 --- [    Test worker] o.h.e.t.j.p.i.JtaPlatformInitiator       : HHH000490: Using JtaPlatform implementation: [org.hibernate.engine.transaction.jta.platform.internal.NoJtaPlatform]
2021-11-25 11:51:01.098  WARN 20000 --- [    Test worker] JpaBaseConfiguration$JpaWebConfiguration : spring.jpa.open-in-view is enabled by default. Therefore, database queries may be performed during view rendering. Explicitly configure spring.jpa.open-in-view to disable this warning
2021-11-25 11:51:01.381  INFO 20000 --- [    Test worker] o.s.b.a.e.web.EndpointLinksResolver      : Exposing 1 endpoint(s) beneath base path '/actuator'
2021-11-25 11:51:01.402  INFO 20000 --- [    Test worker] com.epam.esm.UserDAOImplTest             : Started UserDAOImplTest in 0.692 seconds (JVM running for 18.478)
Hibernate: select user0_.id as id1_0_, user0_.name as name2_0_ from clientele user0_ limit ?
]]></system-out>
  <system-err><![CDATA[]]></system-err>
</testsuite>
