<?xml version="1.0" encoding="UTF-8"?>
<testsuite name="com.epam.esm.TagDAOImplTest" tests="5" skipped="0" failures="2" errors="0" timestamp="2021-11-25T08:50:56" hostname="LAPTOP-D3O57SJF" time="3.718">
  <properties/>
  <testcase name="findMostPopularTag()" classname="com.epam.esm.TagDAOImplTest" time="0.746">
    <failure message="java.lang.IllegalStateException: No transactional EntityManager available" type="java.lang.IllegalStateException">java.lang.IllegalStateException: No transactional EntityManager available
	at org.springframework.orm.jpa.SharedEntityManagerCreator$SharedEntityManagerInvocationHandler.invoke(SharedEntityManagerCreator.java:283)
	at com.sun.proxy.$Proxy126.unwrap(Unknown Source)
	at com.epam.esm.dao.impl.TagDAOImpl.findMostPopularTag(TagDAOImpl.java:76)
	at com.epam.esm.dao.impl.TagDAOImpl$$FastClassBySpringCGLIB$$d11c69b1.invoke(&lt;generated&gt;)
	at org.springframework.cglib.proxy.MethodProxy.invoke(MethodProxy.java:218)
	at org.springframework.aop.framework.CglibAopProxy$CglibMethodInvocation.invokeJoinpoint(CglibAopProxy.java:779)
	at org.springframework.aop.framework.ReflectiveMethodInvocation.proceed(ReflectiveMethodInvocation.java:163)
	at org.springframework.aop.framework.CglibAopProxy$CglibMethodInvocation.proceed(CglibAopProxy.java:750)
	at org.springframework.dao.support.PersistenceExceptionTranslationInterceptor.invoke(PersistenceExceptionTranslationInterceptor.java:137)
	at org.springframework.aop.framework.ReflectiveMethodInvocation.proceed(ReflectiveMethodInvocation.java:186)
	at org.springframework.aop.framework.CglibAopProxy$CglibMethodInvocation.proceed(CglibAopProxy.java:750)
	at org.springframework.aop.framework.CglibAopProxy$DynamicAdvisedInterceptor.intercept(CglibAopProxy.java:692)
	at com.epam.esm.dao.impl.TagDAOImpl$$EnhancerBySpringCGLIB$$7a8103a1.findMostPopularTag(&lt;generated&gt;)
	at com.epam.esm.TagDAOImplTest.findMostPopularTag(TagDAOImplTest.java:55)
	at java.base/jdk.internal.reflect.NativeMethodAccessorImpl.invoke0(Native Method)
	at java.base/jdk.internal.reflect.NativeMethodAccessorImpl.invoke(NativeMethodAccessorImpl.java:64)
	at java.base/jdk.internal.reflect.DelegatingMethodAccessorImpl.invoke(DelegatingMethodAccessorImpl.java:43)
	at java.base/java.lang.reflect.Method.invoke(Method.java:564)
	at org.junit.platform.commons.util.ReflectionUtils.invokeMethod(ReflectionUtils.java:688)
	at org.junit.jupiter.engine.execution.MethodInvocation.proceed(MethodInvocation.java:60)
	at org.junit.jupiter.engine.execution.InvocationInterceptorChain$ValidatingInvocation.proceed(InvocationInterceptorChain.java:131)
	at org.junit.jupiter.engine.extension.TimeoutExtension.intercept(TimeoutExtension.java:149)
	at org.junit.jupiter.engine.extension.TimeoutExtension.interceptTestableMethod(TimeoutExtension.java:140)
	at org.junit.jupiter.engine.extension.TimeoutExtension.interceptTestMethod(TimeoutExtension.java:84)
	at org.junit.jupiter.engine.execution.ExecutableInvoker$ReflectiveInterceptorCall.lambda$ofVoidMethod$0(ExecutableInvoker.java:115)
	at org.junit.jupiter.engine.execution.ExecutableInvoker.lambda$invoke$0(ExecutableInvoker.java:105)
	at org.junit.jupiter.engine.execution.InvocationInterceptorChain$InterceptedInvocation.proceed(InvocationInterceptorChain.java:106)
	at org.junit.jupiter.engine.execution.InvocationInterceptorChain.proceed(InvocationInterceptorChain.java:64)
	at org.junit.jupiter.engine.execution.InvocationInterceptorChain.chainAndInvoke(InvocationInterceptorChain.java:45)
	at org.junit.jupiter.engine.execution.InvocationInterceptorChain.invoke(InvocationInterceptorChain.java:37)
	at org.junit.jupiter.engine.execution.ExecutableInvoker.invoke(ExecutableInvoker.java:104)
	at org.junit.jupiter.engine.execution.ExecutableInvoker.invoke(ExecutableInvoker.java:98)
	at org.junit.jupiter.engine.descriptor.TestMethodTestDescriptor.lambda$invokeTestMethod$6(TestMethodTestDescriptor.java:210)
	at org.junit.platform.engine.support.hierarchical.ThrowableCollector.execute(ThrowableCollector.java:73)
	at org.junit.jupiter.engine.descriptor.TestMethodTestDescriptor.invokeTestMethod(TestMethodTestDescriptor.java:206)
	at org.junit.jupiter.engine.descriptor.TestMethodTestDescriptor.execute(TestMethodTestDescriptor.java:131)
	at org.junit.jupiter.engine.descriptor.TestMethodTestDescriptor.execute(TestMethodTestDescriptor.java:65)
	at org.junit.platform.engine.support.hierarchical.NodeTestTask.lambda$executeRecursively$5(NodeTestTask.java:139)
	at org.junit.platform.engine.support.hierarchical.ThrowableCollector.execute(ThrowableCollector.java:73)
	at org.junit.platform.engine.support.hierarchical.NodeTestTask.lambda$executeRecursively$7(NodeTestTask.java:129)
	at org.junit.platform.engine.support.hierarchical.Node.around(Node.java:137)
	at org.junit.platform.engine.support.hierarchical.NodeTestTask.lambda$executeRecursively$8(NodeTestTask.java:127)
	at org.junit.platform.engine.support.hierarchical.ThrowableCollector.execute(ThrowableCollector.java:73)
	at org.junit.platform.engine.support.hierarchical.NodeTestTask.executeRecursively(NodeTestTask.java:126)
	at org.junit.platform.engine.support.hierarchical.NodeTestTask.execute(NodeTestTask.java:84)
	at java.base/java.util.ArrayList.forEach(ArrayList.java:1511)
	at org.junit.platform.engine.support.hierarchical.SameThreadHierarchicalTestExecutorService.invokeAll(SameThreadHierarchicalTestExecutorService.java:38)
	at org.junit.platform.engine.support.hierarchical.NodeTestTask.lambda$executeRecursively$5(NodeTestTask.java:143)
	at org.junit.platform.engine.support.hierarchical.ThrowableCollector.execute(ThrowableCollector.java:73)
	at org.junit.platform.engine.support.hierarchical.NodeTestTask.lambda$executeRecursively$7(NodeTestTask.java:129)
	at org.junit.platform.engine.support.hierarchical.Node.around(Node.java:137)
	at org.junit.platform.engine.support.hierarchical.NodeTestTask.lambda$executeRecursively$8(NodeTestTask.java:127)
	at org.junit.platform.engine.support.hierarchical.ThrowableCollector.execute(ThrowableCollector.java:73)
	at org.junit.platform.engine.support.hierarchical.NodeTestTask.executeRecursively(NodeTestTask.java:126)
	at org.junit.platform.engine.support.hierarchical.NodeTestTask.execute(NodeTestTask.java:84)
	at java.base/java.util.ArrayList.forEach(ArrayList.java:1511)
	at org.junit.platform.engine.support.hierarchical.SameThreadHierarchicalTestExecutorService.invokeAll(SameThreadHierarchicalTestExecutorService.java:38)
	at org.junit.platform.engine.support.hierarchical.NodeTestTask.lambda$executeRecursively$5(NodeTestTask.java:143)
	at org.junit.platform.engine.support.hierarchical.ThrowableCollector.execute(ThrowableCollector.java:73)
	at org.junit.platform.engine.support.hierarchical.NodeTestTask.lambda$executeRecursively$7(NodeTestTask.java:129)
	at org.junit.platform.engine.support.hierarchical.Node.around(Node.java:137)
	at org.junit.platform.engine.support.hierarchical.NodeTestTask.lambda$executeRecursively$8(NodeTestTask.java:127)
	at org.junit.platform.engine.support.hierarchical.ThrowableCollector.execute(ThrowableCollector.java:73)
	at org.junit.platform.engine.support.hierarchical.NodeTestTask.executeRecursively(NodeTestTask.java:126)
	at org.junit.platform.engine.support.hierarchical.NodeTestTask.execute(NodeTestTask.java:84)
	at org.junit.platform.engine.support.hierarchical.SameThreadHierarchicalTestExecutorService.submit(SameThreadHierarchicalTestExecutorService.java:32)
	at org.junit.platform.engine.support.hierarchical.HierarchicalTestExecutor.execute(HierarchicalTestExecutor.java:57)
	at org.junit.platform.engine.support.hierarchical.HierarchicalTestEngine.execute(HierarchicalTestEngine.java:51)
	at org.junit.platform.launcher.core.EngineExecutionOrchestrator.execute(EngineExecutionOrchestrator.java:108)
	at org.junit.platform.launcher.core.EngineExecutionOrchestrator.execute(EngineExecutionOrchestrator.java:88)
	at org.junit.platform.launcher.core.EngineExecutionOrchestrator.lambda$execute$0(EngineExecutionOrchestrator.java:54)
	at org.junit.platform.launcher.core.EngineExecutionOrchestrator.withInterceptedStreams(EngineExecutionOrchestrator.java:67)
	at org.junit.platform.launcher.core.EngineExecutionOrchestrator.execute(EngineExecutionOrchestrator.java:52)
	at org.junit.platform.launcher.core.DefaultLauncher.execute(DefaultLauncher.java:96)
	at org.junit.platform.launcher.core.DefaultLauncher.execute(DefaultLauncher.java:75)
	at org.gradle.api.internal.tasks.testing.junitplatform.JUnitPlatformTestClassProcessor$CollectAllTestClassesExecutor.processAllTestClasses(JUnitPlatformTestClassProcessor.java:99)
	at org.gradle.api.internal.tasks.testing.junitplatform.JUnitPlatformTestClassProcessor$CollectAllTestClassesExecutor.access$000(JUnitPlatformTestClassProcessor.java:79)
	at org.gradle.api.internal.tasks.testing.junitplatform.JUnitPlatformTestClassProcessor.stop(JUnitPlatformTestClassProcessor.java:75)
	at org.gradle.api.internal.tasks.testing.SuiteTestClassProcessor.stop(SuiteTestClassProcessor.java:61)
	at java.base/jdk.internal.reflect.NativeMethodAccessorImpl.invoke0(Native Method)
	at java.base/jdk.internal.reflect.NativeMethodAccessorImpl.invoke(NativeMethodAccessorImpl.java:64)
	at java.base/jdk.internal.reflect.DelegatingMethodAccessorImpl.invoke(DelegatingMethodAccessorImpl.java:43)
	at java.base/java.lang.reflect.Method.invoke(Method.java:564)
	at org.gradle.internal.dispatch.ReflectionDispatch.dispatch(ReflectionDispatch.java:36)
	at org.gradle.internal.dispatch.ReflectionDispatch.dispatch(ReflectionDispatch.java:24)
	at org.gradle.internal.dispatch.ContextClassLoaderDispatch.dispatch(ContextClassLoaderDispatch.java:33)
	at org.gradle.internal.dispatch.ProxyDispatchAdapter$DispatchingInvocationHandler.invoke(ProxyDispatchAdapter.java:94)
	at com.sun.proxy.$Proxy2.stop(Unknown Source)
	at org.gradle.api.internal.tasks.testing.worker.TestWorker.stop(TestWorker.java:135)
	at java.base/jdk.internal.reflect.NativeMethodAccessorImpl.invoke0(Native Method)
	at java.base/jdk.internal.reflect.NativeMethodAccessorImpl.invoke(NativeMethodAccessorImpl.java:64)
	at java.base/jdk.internal.reflect.DelegatingMethodAccessorImpl.invoke(DelegatingMethodAccessorImpl.java:43)
	at java.base/java.lang.reflect.Method.invoke(Method.java:564)
	at org.gradle.internal.dispatch.ReflectionDispatch.dispatch(ReflectionDispatch.java:36)
	at org.gradle.internal.dispatch.ReflectionDispatch.dispatch(ReflectionDispatch.java:24)
	at org.gradle.internal.remote.internal.hub.MessageHubBackedObjectConnection$DispatchWrapper.dispatch(MessageHubBackedObjectConnection.java:182)
	at org.gradle.internal.remote.internal.hub.MessageHubBackedObjectConnection$DispatchWrapper.dispatch(MessageHubBackedObjectConnection.java:164)
	at org.gradle.internal.remote.internal.hub.MessageHub$Handler.run(MessageHub.java:414)
	at org.gradle.internal.concurrent.ExecutorPolicy$CatchAndRecordFailures.onExecute(ExecutorPolicy.java:64)
	at org.gradle.internal.concurrent.ManagedExecutorImpl$1.run(ManagedExecutorImpl.java:48)
	at java.base/java.util.concurrent.ThreadPoolExecutor.runWorker(ThreadPoolExecutor.java:1130)
	at java.base/java.util.concurrent.ThreadPoolExecutor$Worker.run(ThreadPoolExecutor.java:630)
	at org.gradle.internal.concurrent.ThreadFactoryImpl$ManagedThreadRunnable.run(ThreadFactoryImpl.java:56)
	at java.base/java.lang.Thread.run(Thread.java:832)
</failure>
  </testcase>
  <testcase name="findTagById()" classname="com.epam.esm.TagDAOImplTest" time="0.783"/>
  <testcase name="findByTagName()" classname="com.epam.esm.TagDAOImplTest" time="0.758"/>
  <testcase name="findAllTags()" classname="com.epam.esm.TagDAOImplTest" time="0.708"/>
  <testcase name="findOrCreateTag()" classname="com.epam.esm.TagDAOImplTest" time="0.721">
    <failure message="org.springframework.dao.InvalidDataAccessApiUsageException: No EntityManager with actual transaction available for current thread - cannot reliably process 'persist' call; nested exception is javax.persistence.TransactionRequiredException: No EntityManager with actual transaction available for current thread - cannot reliably process 'persist' call" type="org.springframework.dao.InvalidDataAccessApiUsageException">org.springframework.dao.InvalidDataAccessApiUsageException: No EntityManager with actual transaction available for current thread - cannot reliably process 'persist' call; nested exception is javax.persistence.TransactionRequiredException: No EntityManager with actual transaction available for current thread - cannot reliably process 'persist' call
	at org.springframework.orm.jpa.EntityManagerFactoryUtils.convertJpaAccessExceptionIfPossible(EntityManagerFactoryUtils.java:403)
	at org.springframework.orm.hibernate5.HibernateExceptionTranslator.translateExceptionIfPossible(HibernateExceptionTranslator.java:79)
	at org.springframework.dao.support.ChainedPersistenceExceptionTranslator.translateExceptionIfPossible(ChainedPersistenceExceptionTranslator.java:61)
	at org.springframework.dao.support.DataAccessUtils.translateIfNecessary(DataAccessUtils.java:242)
	at org.springframework.dao.support.PersistenceExceptionTranslationInterceptor.invoke(PersistenceExceptionTranslationInterceptor.java:152)
	at org.springframework.aop.framework.ReflectiveMethodInvocation.proceed(ReflectiveMethodInvocation.java:186)
	at org.springframework.aop.framework.CglibAopProxy$CglibMethodInvocation.proceed(CglibAopProxy.java:750)
	at org.springframework.aop.framework.CglibAopProxy$DynamicAdvisedInterceptor.intercept(CglibAopProxy.java:692)
	at com.epam.esm.dao.impl.TagDAOImpl$$EnhancerBySpringCGLIB$$7a8103a1.findOrCreate(&lt;generated&gt;)
	at com.epam.esm.TagDAOImplTest.findOrCreateTag(TagDAOImplTest.java:49)
	at java.base/jdk.internal.reflect.NativeMethodAccessorImpl.invoke0(Native Method)
	at java.base/jdk.internal.reflect.NativeMethodAccessorImpl.invoke(NativeMethodAccessorImpl.java:64)
	at java.base/jdk.internal.reflect.DelegatingMethodAccessorImpl.invoke(DelegatingMethodAccessorImpl.java:43)
	at java.base/java.lang.reflect.Method.invoke(Method.java:564)
	at org.junit.platform.commons.util.ReflectionUtils.invokeMethod(ReflectionUtils.java:688)
	at org.junit.jupiter.engine.execution.MethodInvocation.proceed(MethodInvocation.java:60)
	at org.junit.jupiter.engine.execution.InvocationInterceptorChain$ValidatingInvocation.proceed(InvocationInterceptorChain.java:131)
	at org.junit.jupiter.engine.extension.TimeoutExtension.intercept(TimeoutExtension.java:149)
	at org.junit.jupiter.engine.extension.TimeoutExtension.interceptTestableMethod(TimeoutExtension.java:140)
	at org.junit.jupiter.engine.extension.TimeoutExtension.interceptTestMethod(TimeoutExtension.java:84)
	at org.junit.jupiter.engine.execution.ExecutableInvoker$ReflectiveInterceptorCall.lambda$ofVoidMethod$0(ExecutableInvoker.java:115)
	at org.junit.jupiter.engine.execution.ExecutableInvoker.lambda$invoke$0(ExecutableInvoker.java:105)
	at org.junit.jupiter.engine.execution.InvocationInterceptorChain$InterceptedInvocation.proceed(InvocationInterceptorChain.java:106)
	at org.junit.jupiter.engine.execution.InvocationInterceptorChain.proceed(InvocationInterceptorChain.java:64)
	at org.junit.jupiter.engine.execution.InvocationInterceptorChain.chainAndInvoke(InvocationInterceptorChain.java:45)
	at org.junit.jupiter.engine.execution.InvocationInterceptorChain.invoke(InvocationInterceptorChain.java:37)
	at org.junit.jupiter.engine.execution.ExecutableInvoker.invoke(ExecutableInvoker.java:104)
	at org.junit.jupiter.engine.execution.ExecutableInvoker.invoke(ExecutableInvoker.java:98)
	at org.junit.jupiter.engine.descriptor.TestMethodTestDescriptor.lambda$invokeTestMethod$6(TestMethodTestDescriptor.java:210)
	at org.junit.platform.engine.support.hierarchical.ThrowableCollector.execute(ThrowableCollector.java:73)
	at org.junit.jupiter.engine.descriptor.TestMethodTestDescriptor.invokeTestMethod(TestMethodTestDescriptor.java:206)
	at org.junit.jupiter.engine.descriptor.TestMethodTestDescriptor.execute(TestMethodTestDescriptor.java:131)
	at org.junit.jupiter.engine.descriptor.TestMethodTestDescriptor.execute(TestMethodTestDescriptor.java:65)
	at org.junit.platform.engine.support.hierarchical.NodeTestTask.lambda$executeRecursively$5(NodeTestTask.java:139)
	at org.junit.platform.engine.support.hierarchical.ThrowableCollector.execute(ThrowableCollector.java:73)
	at org.junit.platform.engine.support.hierarchical.NodeTestTask.lambda$executeRecursively$7(NodeTestTask.java:129)
	at org.junit.platform.engine.support.hierarchical.Node.around(Node.java:137)
	at org.junit.platform.engine.support.hierarchical.NodeTestTask.lambda$executeRecursively$8(NodeTestTask.java:127)
	at org.junit.platform.engine.support.hierarchical.ThrowableCollector.execute(ThrowableCollector.java:73)
	at org.junit.platform.engine.support.hierarchical.NodeTestTask.executeRecursively(NodeTestTask.java:126)
	at org.junit.platform.engine.support.hierarchical.NodeTestTask.execute(NodeTestTask.java:84)
	at java.base/java.util.ArrayList.forEach(ArrayList.java:1511)
	at org.junit.platform.engine.support.hierarchical.SameThreadHierarchicalTestExecutorService.invokeAll(SameThreadHierarchicalTestExecutorService.java:38)
	at org.junit.platform.engine.support.hierarchical.NodeTestTask.lambda$executeRecursively$5(NodeTestTask.java:143)
	at org.junit.platform.engine.support.hierarchical.ThrowableCollector.execute(ThrowableCollector.java:73)
	at org.junit.platform.engine.support.hierarchical.NodeTestTask.lambda$executeRecursively$7(NodeTestTask.java:129)
	at org.junit.platform.engine.support.hierarchical.Node.around(Node.java:137)
	at org.junit.platform.engine.support.hierarchical.NodeTestTask.lambda$executeRecursively$8(NodeTestTask.java:127)
	at org.junit.platform.engine.support.hierarchical.ThrowableCollector.execute(ThrowableCollector.java:73)
	at org.junit.platform.engine.support.hierarchical.NodeTestTask.executeRecursively(NodeTestTask.java:126)
	at org.junit.platform.engine.support.hierarchical.NodeTestTask.execute(NodeTestTask.java:84)
	at java.base/java.util.ArrayList.forEach(ArrayList.java:1511)
	at org.junit.platform.engine.support.hierarchical.SameThreadHierarchicalTestExecutorService.invokeAll(SameThreadHierarchicalTestExecutorService.java:38)
	at org.junit.platform.engine.support.hierarchical.NodeTestTask.lambda$executeRecursively$5(NodeTestTask.java:143)
	at org.junit.platform.engine.support.hierarchical.ThrowableCollector.execute(ThrowableCollector.java:73)
	at org.junit.platform.engine.support.hierarchical.NodeTestTask.lambda$executeRecursively$7(NodeTestTask.java:129)
	at org.junit.platform.engine.support.hierarchical.Node.around(Node.java:137)
	at org.junit.platform.engine.support.hierarchical.NodeTestTask.lambda$executeRecursively$8(NodeTestTask.java:127)
	at org.junit.platform.engine.support.hierarchical.ThrowableCollector.execute(ThrowableCollector.java:73)
	at org.junit.platform.engine.support.hierarchical.NodeTestTask.executeRecursively(NodeTestTask.java:126)
	at org.junit.platform.engine.support.hierarchical.NodeTestTask.execute(NodeTestTask.java:84)
	at org.junit.platform.engine.support.hierarchical.SameThreadHierarchicalTestExecutorService.submit(SameThreadHierarchicalTestExecutorService.java:32)
	at org.junit.platform.engine.support.hierarchical.HierarchicalTestExecutor.execute(HierarchicalTestExecutor.java:57)
	at org.junit.platform.engine.support.hierarchical.HierarchicalTestEngine.execute(HierarchicalTestEngine.java:51)
	at org.junit.platform.launcher.core.EngineExecutionOrchestrator.execute(EngineExecutionOrchestrator.java:108)
	at org.junit.platform.launcher.core.EngineExecutionOrchestrator.execute(EngineExecutionOrchestrator.java:88)
	at org.junit.platform.launcher.core.EngineExecutionOrchestrator.lambda$execute$0(EngineExecutionOrchestrator.java:54)
	at org.junit.platform.launcher.core.EngineExecutionOrchestrator.withInterceptedStreams(EngineExecutionOrchestrator.java:67)
	at org.junit.platform.launcher.core.EngineExecutionOrchestrator.execute(EngineExecutionOrchestrator.java:52)
	at org.junit.platform.launcher.core.DefaultLauncher.execute(DefaultLauncher.java:96)
	at org.junit.platform.launcher.core.DefaultLauncher.execute(DefaultLauncher.java:75)
	at org.gradle.api.internal.tasks.testing.junitplatform.JUnitPlatformTestClassProcessor$CollectAllTestClassesExecutor.processAllTestClasses(JUnitPlatformTestClassProcessor.java:99)
	at org.gradle.api.internal.tasks.testing.junitplatform.JUnitPlatformTestClassProcessor$CollectAllTestClassesExecutor.access$000(JUnitPlatformTestClassProcessor.java:79)
	at org.gradle.api.internal.tasks.testing.junitplatform.JUnitPlatformTestClassProcessor.stop(JUnitPlatformTestClassProcessor.java:75)
	at org.gradle.api.internal.tasks.testing.SuiteTestClassProcessor.stop(SuiteTestClassProcessor.java:61)
	at java.base/jdk.internal.reflect.NativeMethodAccessorImpl.invoke0(Native Method)
	at java.base/jdk.internal.reflect.NativeMethodAccessorImpl.invoke(NativeMethodAccessorImpl.java:64)
	at java.base/jdk.internal.reflect.DelegatingMethodAccessorImpl.invoke(DelegatingMethodAccessorImpl.java:43)
	at java.base/java.lang.reflect.Method.invoke(Method.java:564)
	at org.gradle.internal.dispatch.ReflectionDispatch.dispatch(ReflectionDispatch.java:36)
	at org.gradle.internal.dispatch.ReflectionDispatch.dispatch(ReflectionDispatch.java:24)
	at org.gradle.internal.dispatch.ContextClassLoaderDispatch.dispatch(ContextClassLoaderDispatch.java:33)
	at org.gradle.internal.dispatch.ProxyDispatchAdapter$DispatchingInvocationHandler.invoke(ProxyDispatchAdapter.java:94)
	at com.sun.proxy.$Proxy2.stop(Unknown Source)
	at org.gradle.api.internal.tasks.testing.worker.TestWorker.stop(TestWorker.java:135)
	at java.base/jdk.internal.reflect.NativeMethodAccessorImpl.invoke0(Native Method)
	at java.base/jdk.internal.reflect.NativeMethodAccessorImpl.invoke(NativeMethodAccessorImpl.java:64)
	at java.base/jdk.internal.reflect.DelegatingMethodAccessorImpl.invoke(DelegatingMethodAccessorImpl.java:43)
	at java.base/java.lang.reflect.Method.invoke(Method.java:564)
	at org.gradle.internal.dispatch.ReflectionDispatch.dispatch(ReflectionDispatch.java:36)
	at org.gradle.internal.dispatch.ReflectionDispatch.dispatch(ReflectionDispatch.java:24)
	at org.gradle.internal.remote.internal.hub.MessageHubBackedObjectConnection$DispatchWrapper.dispatch(MessageHubBackedObjectConnection.java:182)
	at org.gradle.internal.remote.internal.hub.MessageHubBackedObjectConnection$DispatchWrapper.dispatch(MessageHubBackedObjectConnection.java:164)
	at org.gradle.internal.remote.internal.hub.MessageHub$Handler.run(MessageHub.java:414)
	at org.gradle.internal.concurrent.ExecutorPolicy$CatchAndRecordFailures.onExecute(ExecutorPolicy.java:64)
	at org.gradle.internal.concurrent.ManagedExecutorImpl$1.run(ManagedExecutorImpl.java:48)
	at java.base/java.util.concurrent.ThreadPoolExecutor.runWorker(ThreadPoolExecutor.java:1130)
	at java.base/java.util.concurrent.ThreadPoolExecutor$Worker.run(ThreadPoolExecutor.java:630)
	at org.gradle.internal.concurrent.ThreadFactoryImpl$ManagedThreadRunnable.run(ThreadFactoryImpl.java:56)
	at java.base/java.lang.Thread.run(Thread.java:832)
Caused by: javax.persistence.TransactionRequiredException: No EntityManager with actual transaction available for current thread - cannot reliably process 'persist' call
	at org.springframework.orm.jpa.SharedEntityManagerCreator$SharedEntityManagerInvocationHandler.invoke(SharedEntityManagerCreator.java:295)
	at com.sun.proxy.$Proxy126.persist(Unknown Source)
	at com.epam.esm.dao.impl.TagDAOImpl.lambda$findOrCreate$0(TagDAOImpl.java:69)
	at java.base/java.util.Optional.orElseGet(Optional.java:362)
	at com.epam.esm.dao.impl.TagDAOImpl.findOrCreate(TagDAOImpl.java:68)
	at com.epam.esm.dao.impl.TagDAOImpl$$FastClassBySpringCGLIB$$d11c69b1.invoke(&lt;generated&gt;)
	at org.springframework.cglib.proxy.MethodProxy.invoke(MethodProxy.java:218)
	at org.springframework.aop.framework.CglibAopProxy$CglibMethodInvocation.invokeJoinpoint(CglibAopProxy.java:779)
	at org.springframework.aop.framework.ReflectiveMethodInvocation.proceed(ReflectiveMethodInvocation.java:163)
	at org.springframework.aop.framework.CglibAopProxy$CglibMethodInvocation.proceed(CglibAopProxy.java:750)
	at org.springframework.dao.support.PersistenceExceptionTranslationInterceptor.invoke(PersistenceExceptionTranslationInterceptor.java:137)
	... 95 more
</failure>
  </testcase>
  <system-out><![CDATA[2021-11-25 11:50:55.518  INFO 20000 --- [    Test worker] .b.t.c.SpringBootTestContextBootstrapper : Neither @ContextConfiguration nor @ContextHierarchy found for test class [com.epam.esm.TagDAOImplTest], using SpringBootContextLoader
2021-11-25 11:50:55.519  INFO 20000 --- [    Test worker] o.s.t.c.support.AbstractContextLoader    : Could not detect default resource locations for test class [com.epam.esm.TagDAOImplTest]: no resource found for suffixes {-context.xml, Context.groovy}.
2021-11-25 11:50:55.519  INFO 20000 --- [    Test worker] t.c.s.AnnotationConfigContextLoaderUtils : Could not detect default configuration classes for test class [com.epam.esm.TagDAOImplTest]: TagDAOImplTest does not declare any static, non-private, non-final, nested classes annotated with @Configuration.
2021-11-25 11:50:55.521  INFO 20000 --- [    Test worker] .b.t.c.SpringBootTestContextBootstrapper : Found @SpringBootConfiguration com.epam.esm.Application for test class com.epam.esm.TagDAOImplTest
2021-11-25 11:50:55.522  INFO 20000 --- [    Test worker] .b.t.c.SpringBootTestContextBootstrapper : Loaded default TestExecutionListener class names from location [META-INF/spring.factories]: [org.springframework.boot.test.autoconfigure.restdocs.RestDocsTestExecutionListener, org.springframework.boot.test.autoconfigure.web.client.MockRestServiceServerResetTestExecutionListener, org.springframework.boot.test.autoconfigure.web.servlet.MockMvcPrintOnlyOnFailureTestExecutionListener, org.springframework.boot.test.autoconfigure.web.servlet.WebDriverTestExecutionListener, org.springframework.boot.test.autoconfigure.webservices.client.MockWebServiceServerTestExecutionListener, org.springframework.boot.test.mock.mockito.MockitoTestExecutionListener, org.springframework.boot.test.mock.mockito.ResetMocksTestExecutionListener, org.springframework.test.context.web.ServletTestExecutionListener, org.springframework.test.context.support.DirtiesContextBeforeModesTestExecutionListener, org.springframework.test.context.event.ApplicationEventsTestExecutionListener, org.springframework.test.context.support.DependencyInjectionTestExecutionListener, org.springframework.test.context.support.DirtiesContextTestExecutionListener, org.springframework.test.context.transaction.TransactionalTestExecutionListener, org.springframework.test.context.jdbc.SqlScriptsTestExecutionListener, org.springframework.test.context.event.EventPublishingTestExecutionListener]
2021-11-25 11:50:55.522  INFO 20000 --- [    Test worker] .b.t.c.SpringBootTestContextBootstrapper : Using TestExecutionListeners: [org.springframework.test.context.web.ServletTestExecutionListener@4aee5397, org.springframework.test.context.support.DirtiesContextBeforeModesTestExecutionListener@7a6959e7, org.springframework.test.context.event.ApplicationEventsTestExecutionListener@5bb0c540, org.springframework.boot.test.mock.mockito.MockitoTestExecutionListener@365df550, org.springframework.boot.test.autoconfigure.SpringBootDependencyInjectionTestExecutionListener@e976ae7, org.springframework.test.context.support.DirtiesContextTestExecutionListener@3e01bcb3, org.springframework.test.context.transaction.TransactionalTestExecutionListener@63c6f4f6, org.springframework.test.context.jdbc.SqlScriptsTestExecutionListener@3ae86aab, org.springframework.test.context.event.EventPublishingTestExecutionListener@f1dff43, org.springframework.boot.test.autoconfigure.restdocs.RestDocsTestExecutionListener@3c4a3e37, org.springframework.boot.test.autoconfigure.web.client.MockRestServiceServerResetTestExecutionListener@68ff0c0c, org.springframework.boot.test.autoconfigure.web.servlet.MockMvcPrintOnlyOnFailureTestExecutionListener@113b8e8a, org.springframework.boot.test.autoconfigure.web.servlet.WebDriverTestExecutionListener@713c8c09, org.springframework.boot.test.autoconfigure.webservices.client.MockWebServiceServerTestExecutionListener@1c6aaf9f, org.springframework.boot.test.mock.mockito.ResetMocksTestExecutionListener@c655f72]

  .   ____          _            __ _ _
 /\\ / ___'_ __ _ _(_)_ __  __ _ \ \ \ \
( ( )\___ | '_ | '_| | '_ \/ _` | \ \ \ \
 \\/  ___)| |_)| | | | | || (_| |  ) ) ) )
  '  |____| .__|_| |_|_| |_\__, | / / / /
 =========|_|==============|___/=/_/_/_/
 :: Spring Boot ::                (v2.5.1)

2021-11-25 11:50:55.536  INFO 20000 --- [    Test worker] com.epam.esm.TagDAOImplTest              : Starting TagDAOImplTest using Java 15.0.2 on LAPTOP-D3O57SJF with PID 20000 (started by Evgeni in C:\Users\Evgeni\IdeaProjects\REST-API-certificate-advanced)
2021-11-25 11:50:55.537  INFO 20000 --- [    Test worker] com.epam.esm.TagDAOImplTest              : The following profiles are active: dev
2021-11-25 11:50:55.685  INFO 20000 --- [    Test worker] .s.d.r.c.RepositoryConfigurationDelegate : Bootstrapping Spring Data JPA repositories in DEFAULT mode.
2021-11-25 11:50:55.697  INFO 20000 --- [    Test worker] .s.d.r.c.RepositoryConfigurationDelegate : Finished Spring Data repository scanning in 11 ms. Found 0 JPA repository interfaces.
2021-11-25 11:50:55.765  INFO 20000 --- [    Test worker] com.zaxxer.hikari.HikariDataSource       : HikariPool-8 - Starting...
2021-11-25 11:50:55.767  INFO 20000 --- [    Test worker] com.zaxxer.hikari.HikariDataSource       : HikariPool-8 - Start completed.
2021-11-25 11:50:55.791  INFO 20000 --- [    Test worker] org.hibernate.dialect.Dialect            : HHH000400: Using dialect: org.hibernate.dialect.H2Dialect
Hibernate: drop table if exists clientele CASCADE 
Hibernate: drop table if exists gift_certificate CASCADE 
Hibernate: drop table if exists gift_order CASCADE 
Hibernate: drop table if exists order_has_gift_certificate CASCADE 
Hibernate: drop table if exists relationship_certificates_and_tags CASCADE 
Hibernate: drop table if exists tag CASCADE 
Hibernate: create table clientele (id bigint generated by default as identity, name varchar(300) not null, primary key (id))
Hibernate: create table gift_certificate (id bigint generated by default as identity, create_date timestamp, description varchar(300) not null, duration integer not null, is_active boolean not null, last_update_date timestamp, name varchar(300) not null, price decimal(10,2) not null, primary key (id))
Hibernate: create table gift_order (id bigint generated by default as identity, cost decimal(10,2) not null, order_date timestamp, user_id bigint not null, primary key (id))
Hibernate: create table order_has_gift_certificate (gift_order_id bigint not null, gift_certificate_id bigint not null)
Hibernate: create table relationship_certificates_and_tags (gift_certificate_id bigint not null, tag_id bigint not null, primary key (gift_certificate_id, tag_id))
Hibernate: create table tag (id bigint generated by default as identity, name varchar(300) not null, primary key (id))
Hibernate: alter table clientele add constraint UK_aobfmhlv396hnawh3b75yfcut unique (name)
Hibernate: alter table tag add constraint UK_1wdpsed5kna2y38hnbgrnhi5b unique (name)
Hibernate: alter table gift_order add constraint FK8gi4qpa22d8majg14cotvpol foreign key (user_id) references clientele
Hibernate: alter table order_has_gift_certificate add constraint FKp7rxfnbo172fdo7qmpjs631e8 foreign key (gift_certificate_id) references gift_certificate
Hibernate: alter table order_has_gift_certificate add constraint FKaxxoocmkt7ft5d9wnabpw3x4b foreign key (gift_order_id) references gift_order
Hibernate: alter table relationship_certificates_and_tags add constraint FK9212cpwrctblegfcgkv8as854 foreign key (tag_id) references tag
Hibernate: alter table relationship_certificates_and_tags add constraint FKa93onw039ce54osfbyaca8cl1 foreign key (gift_certificate_id) references gift_certificate
2021-11-25 11:50:55.844  INFO 20000 --- [    Test worker] o.h.e.t.j.p.i.JtaPlatformInitiator       : HHH000490: Using JtaPlatform implementation: [org.hibernate.engine.transaction.jta.platform.internal.NoJtaPlatform]
2021-11-25 11:50:55.942  WARN 20000 --- [    Test worker] JpaBaseConfiguration$JpaWebConfiguration : spring.jpa.open-in-view is enabled by default. Therefore, database queries may be performed during view rendering. Explicitly configure spring.jpa.open-in-view to disable this warning
2021-11-25 11:50:56.224  INFO 20000 --- [    Test worker] o.s.b.a.e.web.EndpointLinksResolver      : Exposing 1 endpoint(s) beneath base path '/actuator'
2021-11-25 11:50:56.245  INFO 20000 --- [    Test worker] com.epam.esm.TagDAOImplTest              : Started TagDAOImplTest in 0.721 seconds (JVM running for 13.321)
2021-11-25 11:50:56.249  INFO 20000 --- [    Test worker] com.zaxxer.hikari.HikariDataSource       : HikariPool-8 - Shutdown initiated...
2021-11-25 11:50:56.250  INFO 20000 --- [    Test worker] com.zaxxer.hikari.HikariDataSource       : HikariPool-8 - Shutdown completed.

  .   ____          _            __ _ _
 /\\ / ___'_ __ _ _(_)_ __  __ _ \ \ \ \
( ( )\___ | '_ | '_| | '_ \/ _` | \ \ \ \
 \\/  ___)| |_)| | | | | || (_| |  ) ) ) )
  '  |____| .__|_| |_|_| |_\__, | / / / /
 =========|_|==============|___/=/_/_/_/
 :: Spring Boot ::                (v2.5.1)

2021-11-25 11:50:56.265  INFO 20000 --- [    Test worker] com.epam.esm.TagDAOImplTest              : Starting TagDAOImplTest using Java 15.0.2 on LAPTOP-D3O57SJF with PID 20000 (started by Evgeni in C:\Users\Evgeni\IdeaProjects\REST-API-certificate-advanced)
2021-11-25 11:50:56.265  INFO 20000 --- [    Test worker] com.epam.esm.TagDAOImplTest              : The following profiles are active: dev
2021-11-25 11:50:56.429  INFO 20000 --- [    Test worker] .s.d.r.c.RepositoryConfigurationDelegate : Bootstrapping Spring Data JPA repositories in DEFAULT mode.
2021-11-25 11:50:56.442  INFO 20000 --- [    Test worker] .s.d.r.c.RepositoryConfigurationDelegate : Finished Spring Data repository scanning in 12 ms. Found 0 JPA repository interfaces.
2021-11-25 11:50:56.502  INFO 20000 --- [    Test worker] com.zaxxer.hikari.HikariDataSource       : HikariPool-9 - Starting...
2021-11-25 11:50:56.503  INFO 20000 --- [    Test worker] com.zaxxer.hikari.HikariDataSource       : HikariPool-9 - Start completed.
2021-11-25 11:50:56.524  INFO 20000 --- [    Test worker] org.hibernate.dialect.Dialect            : HHH000400: Using dialect: org.hibernate.dialect.H2Dialect
Hibernate: drop table if exists clientele CASCADE 
Hibernate: drop table if exists gift_certificate CASCADE 
Hibernate: drop table if exists gift_order CASCADE 
Hibernate: drop table if exists order_has_gift_certificate CASCADE 
Hibernate: drop table if exists relationship_certificates_and_tags CASCADE 
Hibernate: drop table if exists tag CASCADE 
Hibernate: create table clientele (id bigint generated by default as identity, name varchar(300) not null, primary key (id))
Hibernate: create table gift_certificate (id bigint generated by default as identity, create_date timestamp, description varchar(300) not null, duration integer not null, is_active boolean not null, last_update_date timestamp, name varchar(300) not null, price decimal(10,2) not null, primary key (id))
Hibernate: create table gift_order (id bigint generated by default as identity, cost decimal(10,2) not null, order_date timestamp, user_id bigint not null, primary key (id))
Hibernate: create table order_has_gift_certificate (gift_order_id bigint not null, gift_certificate_id bigint not null)
Hibernate: create table relationship_certificates_and_tags (gift_certificate_id bigint not null, tag_id bigint not null, primary key (gift_certificate_id, tag_id))
Hibernate: create table tag (id bigint generated by default as identity, name varchar(300) not null, primary key (id))
Hibernate: alter table clientele add constraint UK_aobfmhlv396hnawh3b75yfcut unique (name)
Hibernate: alter table tag add constraint UK_1wdpsed5kna2y38hnbgrnhi5b unique (name)
Hibernate: alter table gift_order add constraint FK8gi4qpa22d8majg14cotvpol foreign key (user_id) references clientele
Hibernate: alter table order_has_gift_certificate add constraint FKp7rxfnbo172fdo7qmpjs631e8 foreign key (gift_certificate_id) references gift_certificate
Hibernate: alter table order_has_gift_certificate add constraint FKaxxoocmkt7ft5d9wnabpw3x4b foreign key (gift_order_id) references gift_order
Hibernate: alter table relationship_certificates_and_tags add constraint FK9212cpwrctblegfcgkv8as854 foreign key (tag_id) references tag
Hibernate: alter table relationship_certificates_and_tags add constraint FKa93onw039ce54osfbyaca8cl1 foreign key (gift_certificate_id) references gift_certificate
2021-11-25 11:50:56.568  INFO 20000 --- [    Test worker] o.h.e.t.j.p.i.JtaPlatformInitiator       : HHH000490: Using JtaPlatform implementation: [org.hibernate.engine.transaction.jta.platform.internal.NoJtaPlatform]
2021-11-25 11:50:56.665  WARN 20000 --- [    Test worker] JpaBaseConfiguration$JpaWebConfiguration : spring.jpa.open-in-view is enabled by default. Therefore, database queries may be performed during view rendering. Explicitly configure spring.jpa.open-in-view to disable this warning
2021-11-25 11:50:56.960  INFO 20000 --- [    Test worker] o.s.b.a.e.web.EndpointLinksResolver      : Exposing 1 endpoint(s) beneath base path '/actuator'
2021-11-25 11:50:56.981  INFO 20000 --- [    Test worker] com.epam.esm.TagDAOImplTest              : Started TagDAOImplTest in 0.73 seconds (JVM running for 14.058)
2021-11-25 11:50:56.996  INFO 20000 --- [    Test worker] com.zaxxer.hikari.HikariDataSource       : HikariPool-9 - Shutdown initiated...
2021-11-25 11:50:56.996  INFO 20000 --- [    Test worker] com.zaxxer.hikari.HikariDataSource       : HikariPool-9 - Shutdown completed.

  .   ____          _            __ _ _
 /\\ / ___'_ __ _ _(_)_ __  __ _ \ \ \ \
( ( )\___ | '_ | '_| | '_ \/ _` | \ \ \ \
 \\/  ___)| |_)| | | | | || (_| |  ) ) ) )
  '  |____| .__|_| |_|_| |_\__, | / / / /
 =========|_|==============|___/=/_/_/_/
 :: Spring Boot ::                (v2.5.1)

2021-11-25 11:50:57.012  INFO 20000 --- [    Test worker] com.epam.esm.TagDAOImplTest              : Starting TagDAOImplTest using Java 15.0.2 on LAPTOP-D3O57SJF with PID 20000 (started by Evgeni in C:\Users\Evgeni\IdeaProjects\REST-API-certificate-advanced)
2021-11-25 11:50:57.012  INFO 20000 --- [    Test worker] com.epam.esm.TagDAOImplTest              : The following profiles are active: dev
2021-11-25 11:50:57.163  INFO 20000 --- [    Test worker] .s.d.r.c.RepositoryConfigurationDelegate : Bootstrapping Spring Data JPA repositories in DEFAULT mode.
2021-11-25 11:50:57.175  INFO 20000 --- [    Test worker] .s.d.r.c.RepositoryConfigurationDelegate : Finished Spring Data repository scanning in 11 ms. Found 0 JPA repository interfaces.
2021-11-25 11:50:57.246  INFO 20000 --- [    Test worker] com.zaxxer.hikari.HikariDataSource       : HikariPool-10 - Starting...
2021-11-25 11:50:57.247  INFO 20000 --- [    Test worker] com.zaxxer.hikari.HikariDataSource       : HikariPool-10 - Start completed.
2021-11-25 11:50:57.271  INFO 20000 --- [    Test worker] org.hibernate.dialect.Dialect            : HHH000400: Using dialect: org.hibernate.dialect.H2Dialect
Hibernate: drop table if exists clientele CASCADE 
Hibernate: drop table if exists gift_certificate CASCADE 
Hibernate: drop table if exists gift_order CASCADE 
Hibernate: drop table if exists order_has_gift_certificate CASCADE 
Hibernate: drop table if exists relationship_certificates_and_tags CASCADE 
Hibernate: drop table if exists tag CASCADE 
Hibernate: create table clientele (id bigint generated by default as identity, name varchar(300) not null, primary key (id))
Hibernate: create table gift_certificate (id bigint generated by default as identity, create_date timestamp, description varchar(300) not null, duration integer not null, is_active boolean not null, last_update_date timestamp, name varchar(300) not null, price decimal(10,2) not null, primary key (id))
Hibernate: create table gift_order (id bigint generated by default as identity, cost decimal(10,2) not null, order_date timestamp, user_id bigint not null, primary key (id))
Hibernate: create table order_has_gift_certificate (gift_order_id bigint not null, gift_certificate_id bigint not null)
Hibernate: create table relationship_certificates_and_tags (gift_certificate_id bigint not null, tag_id bigint not null, primary key (gift_certificate_id, tag_id))
Hibernate: create table tag (id bigint generated by default as identity, name varchar(300) not null, primary key (id))
Hibernate: alter table clientele add constraint UK_aobfmhlv396hnawh3b75yfcut unique (name)
Hibernate: alter table tag add constraint UK_1wdpsed5kna2y38hnbgrnhi5b unique (name)
Hibernate: alter table gift_order add constraint FK8gi4qpa22d8majg14cotvpol foreign key (user_id) references clientele
Hibernate: alter table order_has_gift_certificate add constraint FKp7rxfnbo172fdo7qmpjs631e8 foreign key (gift_certificate_id) references gift_certificate
Hibernate: alter table order_has_gift_certificate add constraint FKaxxoocmkt7ft5d9wnabpw3x4b foreign key (gift_order_id) references gift_order
Hibernate: alter table relationship_certificates_and_tags add constraint FK9212cpwrctblegfcgkv8as854 foreign key (tag_id) references tag
Hibernate: alter table relationship_certificates_and_tags add constraint FKa93onw039ce54osfbyaca8cl1 foreign key (gift_certificate_id) references gift_certificate
2021-11-25 11:50:57.316  INFO 20000 --- [    Test worker] o.h.e.t.j.p.i.JtaPlatformInitiator       : HHH000490: Using JtaPlatform implementation: [org.hibernate.engine.transaction.jta.platform.internal.NoJtaPlatform]
2021-11-25 11:50:57.421  WARN 20000 --- [    Test worker] JpaBaseConfiguration$JpaWebConfiguration : spring.jpa.open-in-view is enabled by default. Therefore, database queries may be performed during view rendering. Explicitly configure spring.jpa.open-in-view to disable this warning
2021-11-25 11:50:57.746  INFO 20000 --- [    Test worker] o.s.b.a.e.web.EndpointLinksResolver      : Exposing 1 endpoint(s) beneath base path '/actuator'
2021-11-25 11:50:57.766  INFO 20000 --- [    Test worker] com.epam.esm.TagDAOImplTest              : Started TagDAOImplTest in 0.768 seconds (JVM running for 14.843)
Hibernate: select tag0_.id as id1_5_0_, tag0_.name as name2_5_0_ from tag tag0_ where tag0_.id=?
2021-11-25 11:50:57.779  INFO 20000 --- [    Test worker] com.zaxxer.hikari.HikariDataSource       : HikariPool-10 - Shutdown initiated...
2021-11-25 11:50:57.780  INFO 20000 --- [    Test worker] com.zaxxer.hikari.HikariDataSource       : HikariPool-10 - Shutdown completed.

  .   ____          _            __ _ _
 /\\ / ___'_ __ _ _(_)_ __  __ _ \ \ \ \
( ( )\___ | '_ | '_| | '_ \/ _` | \ \ \ \
 \\/  ___)| |_)| | | | | || (_| |  ) ) ) )
  '  |____| .__|_| |_|_| |_\__, | / / / /
 =========|_|==============|___/=/_/_/_/
 :: Spring Boot ::                (v2.5.1)

2021-11-25 11:50:57.795  INFO 20000 --- [    Test worker] com.epam.esm.TagDAOImplTest              : Starting TagDAOImplTest using Java 15.0.2 on LAPTOP-D3O57SJF with PID 20000 (started by Evgeni in C:\Users\Evgeni\IdeaProjects\REST-API-certificate-advanced)
2021-11-25 11:50:57.796  INFO 20000 --- [    Test worker] com.epam.esm.TagDAOImplTest              : The following profiles are active: dev
2021-11-25 11:50:57.939  INFO 20000 --- [    Test worker] .s.d.r.c.RepositoryConfigurationDelegate : Bootstrapping Spring Data JPA repositories in DEFAULT mode.
2021-11-25 11:50:57.950  INFO 20000 --- [    Test worker] .s.d.r.c.RepositoryConfigurationDelegate : Finished Spring Data repository scanning in 10 ms. Found 0 JPA repository interfaces.
2021-11-25 11:50:58.009  INFO 20000 --- [    Test worker] com.zaxxer.hikari.HikariDataSource       : HikariPool-11 - Starting...
2021-11-25 11:50:58.010  INFO 20000 --- [    Test worker] com.zaxxer.hikari.HikariDataSource       : HikariPool-11 - Start completed.
2021-11-25 11:50:58.031  INFO 20000 --- [    Test worker] org.hibernate.dialect.Dialect            : HHH000400: Using dialect: org.hibernate.dialect.H2Dialect
Hibernate: drop table if exists clientele CASCADE 
Hibernate: drop table if exists gift_certificate CASCADE 
Hibernate: drop table if exists gift_order CASCADE 
Hibernate: drop table if exists order_has_gift_certificate CASCADE 
Hibernate: drop table if exists relationship_certificates_and_tags CASCADE 
Hibernate: drop table if exists tag CASCADE 
Hibernate: create table clientele (id bigint generated by default as identity, name varchar(300) not null, primary key (id))
Hibernate: create table gift_certificate (id bigint generated by default as identity, create_date timestamp, description varchar(300) not null, duration integer not null, is_active boolean not null, last_update_date timestamp, name varchar(300) not null, price decimal(10,2) not null, primary key (id))
Hibernate: create table gift_order (id bigint generated by default as identity, cost decimal(10,2) not null, order_date timestamp, user_id bigint not null, primary key (id))
Hibernate: create table order_has_gift_certificate (gift_order_id bigint not null, gift_certificate_id bigint not null)
Hibernate: create table relationship_certificates_and_tags (gift_certificate_id bigint not null, tag_id bigint not null, primary key (gift_certificate_id, tag_id))
Hibernate: create table tag (id bigint generated by default as identity, name varchar(300) not null, primary key (id))
Hibernate: alter table clientele add constraint UK_aobfmhlv396hnawh3b75yfcut unique (name)
Hibernate: alter table tag add constraint UK_1wdpsed5kna2y38hnbgrnhi5b unique (name)
Hibernate: alter table gift_order add constraint FK8gi4qpa22d8majg14cotvpol foreign key (user_id) references clientele
Hibernate: alter table order_has_gift_certificate add constraint FKp7rxfnbo172fdo7qmpjs631e8 foreign key (gift_certificate_id) references gift_certificate
Hibernate: alter table order_has_gift_certificate add constraint FKaxxoocmkt7ft5d9wnabpw3x4b foreign key (gift_order_id) references gift_order
Hibernate: alter table relationship_certificates_and_tags add constraint FK9212cpwrctblegfcgkv8as854 foreign key (tag_id) references tag
Hibernate: alter table relationship_certificates_and_tags add constraint FKa93onw039ce54osfbyaca8cl1 foreign key (gift_certificate_id) references gift_certificate
2021-11-25 11:50:58.073  INFO 20000 --- [    Test worker] o.h.e.t.j.p.i.JtaPlatformInitiator       : HHH000490: Using JtaPlatform implementation: [org.hibernate.engine.transaction.jta.platform.internal.NoJtaPlatform]
2021-11-25 11:50:58.174  WARN 20000 --- [    Test worker] JpaBaseConfiguration$JpaWebConfiguration : spring.jpa.open-in-view is enabled by default. Therefore, database queries may be performed during view rendering. Explicitly configure spring.jpa.open-in-view to disable this warning
2021-11-25 11:50:58.497  INFO 20000 --- [    Test worker] o.s.b.a.e.web.EndpointLinksResolver      : Exposing 1 endpoint(s) beneath base path '/actuator'
2021-11-25 11:50:58.518  INFO 20000 --- [    Test worker] com.epam.esm.TagDAOImplTest              : Started TagDAOImplTest in 0.737 seconds (JVM running for 15.595)
Hibernate: select tag0_.id as id1_5_, tag0_.name as name2_5_ from tag tag0_ where tag0_.name=?
2021-11-25 11:50:58.538  INFO 20000 --- [    Test worker] com.zaxxer.hikari.HikariDataSource       : HikariPool-11 - Shutdown initiated...
2021-11-25 11:50:58.538  INFO 20000 --- [    Test worker] com.zaxxer.hikari.HikariDataSource       : HikariPool-11 - Shutdown completed.

  .   ____          _            __ _ _
 /\\ / ___'_ __ _ _(_)_ __  __ _ \ \ \ \
( ( )\___ | '_ | '_| | '_ \/ _` | \ \ \ \
 \\/  ___)| |_)| | | | | || (_| |  ) ) ) )
  '  |____| .__|_| |_|_| |_\__, | / / / /
 =========|_|==============|___/=/_/_/_/
 :: Spring Boot ::                (v2.5.1)

2021-11-25 11:50:58.553  INFO 20000 --- [    Test worker] com.epam.esm.TagDAOImplTest              : Starting TagDAOImplTest using Java 15.0.2 on LAPTOP-D3O57SJF with PID 20000 (started by Evgeni in C:\Users\Evgeni\IdeaProjects\REST-API-certificate-advanced)
2021-11-25 11:50:58.553  INFO 20000 --- [    Test worker] com.epam.esm.TagDAOImplTest              : The following profiles are active: dev
2021-11-25 11:50:58.698  INFO 20000 --- [    Test worker] .s.d.r.c.RepositoryConfigurationDelegate : Bootstrapping Spring Data JPA repositories in DEFAULT mode.
2021-11-25 11:50:58.713  INFO 20000 --- [    Test worker] .s.d.r.c.RepositoryConfigurationDelegate : Finished Spring Data repository scanning in 14 ms. Found 0 JPA repository interfaces.
2021-11-25 11:50:58.771  INFO 20000 --- [    Test worker] com.zaxxer.hikari.HikariDataSource       : HikariPool-12 - Starting...
2021-11-25 11:50:58.771  INFO 20000 --- [    Test worker] com.zaxxer.hikari.HikariDataSource       : HikariPool-12 - Start completed.
2021-11-25 11:50:58.794  INFO 20000 --- [    Test worker] org.hibernate.dialect.Dialect            : HHH000400: Using dialect: org.hibernate.dialect.H2Dialect
Hibernate: drop table if exists clientele CASCADE 
Hibernate: drop table if exists gift_certificate CASCADE 
Hibernate: drop table if exists gift_order CASCADE 
Hibernate: drop table if exists order_has_gift_certificate CASCADE 
Hibernate: drop table if exists relationship_certificates_and_tags CASCADE 
Hibernate: drop table if exists tag CASCADE 
Hibernate: create table clientele (id bigint generated by default as identity, name varchar(300) not null, primary key (id))
Hibernate: create table gift_certificate (id bigint generated by default as identity, create_date timestamp, description varchar(300) not null, duration integer not null, is_active boolean not null, last_update_date timestamp, name varchar(300) not null, price decimal(10,2) not null, primary key (id))
Hibernate: create table gift_order (id bigint generated by default as identity, cost decimal(10,2) not null, order_date timestamp, user_id bigint not null, primary key (id))
Hibernate: create table order_has_gift_certificate (gift_order_id bigint not null, gift_certificate_id bigint not null)
Hibernate: create table relationship_certificates_and_tags (gift_certificate_id bigint not null, tag_id bigint not null, primary key (gift_certificate_id, tag_id))
Hibernate: create table tag (id bigint generated by default as identity, name varchar(300) not null, primary key (id))
Hibernate: alter table clientele add constraint UK_aobfmhlv396hnawh3b75yfcut unique (name)
Hibernate: alter table tag add constraint UK_1wdpsed5kna2y38hnbgrnhi5b unique (name)
Hibernate: alter table gift_order add constraint FK8gi4qpa22d8majg14cotvpol foreign key (user_id) references clientele
Hibernate: alter table order_has_gift_certificate add constraint FKp7rxfnbo172fdo7qmpjs631e8 foreign key (gift_certificate_id) references gift_certificate
Hibernate: alter table order_has_gift_certificate add constraint FKaxxoocmkt7ft5d9wnabpw3x4b foreign key (gift_order_id) references gift_order
Hibernate: alter table relationship_certificates_and_tags add constraint FK9212cpwrctblegfcgkv8as854 foreign key (tag_id) references tag
Hibernate: alter table relationship_certificates_and_tags add constraint FKa93onw039ce54osfbyaca8cl1 foreign key (gift_certificate_id) references gift_certificate
2021-11-25 11:50:58.840  INFO 20000 --- [    Test worker] o.h.e.t.j.p.i.JtaPlatformInitiator       : HHH000490: Using JtaPlatform implementation: [org.hibernate.engine.transaction.jta.platform.internal.NoJtaPlatform]
2021-11-25 11:50:58.934  WARN 20000 --- [    Test worker] JpaBaseConfiguration$JpaWebConfiguration : spring.jpa.open-in-view is enabled by default. Therefore, database queries may be performed during view rendering. Explicitly configure spring.jpa.open-in-view to disable this warning
2021-11-25 11:50:59.214  INFO 20000 --- [    Test worker] o.s.b.a.e.web.EndpointLinksResolver      : Exposing 1 endpoint(s) beneath base path '/actuator'
2021-11-25 11:50:59.234  INFO 20000 --- [    Test worker] com.epam.esm.TagDAOImplTest              : Started TagDAOImplTest in 0.694 seconds (JVM running for 16.311)
Hibernate: select tag0_.id as id1_5_, tag0_.name as name2_5_ from tag tag0_ limit ?
2021-11-25 11:50:59.245  INFO 20000 --- [    Test worker] com.zaxxer.hikari.HikariDataSource       : HikariPool-12 - Shutdown initiated...
2021-11-25 11:50:59.246  INFO 20000 --- [    Test worker] com.zaxxer.hikari.HikariDataSource       : HikariPool-12 - Shutdown completed.

  .   ____          _            __ _ _
 /\\ / ___'_ __ _ _(_)_ __  __ _ \ \ \ \
( ( )\___ | '_ | '_| | '_ \/ _` | \ \ \ \
 \\/  ___)| |_)| | | | | || (_| |  ) ) ) )
  '  |____| .__|_| |_|_| |_\__, | / / / /
 =========|_|==============|___/=/_/_/_/
 :: Spring Boot ::                (v2.5.1)

2021-11-25 11:50:59.261  INFO 20000 --- [    Test worker] com.epam.esm.TagDAOImplTest              : Starting TagDAOImplTest using Java 15.0.2 on LAPTOP-D3O57SJF with PID 20000 (started by Evgeni in C:\Users\Evgeni\IdeaProjects\REST-API-certificate-advanced)
2021-11-25 11:50:59.261  INFO 20000 --- [    Test worker] com.epam.esm.TagDAOImplTest              : The following profiles are active: dev
2021-11-25 11:50:59.403  INFO 20000 --- [    Test worker] .s.d.r.c.RepositoryConfigurationDelegate : Bootstrapping Spring Data JPA repositories in DEFAULT mode.
2021-11-25 11:50:59.414  INFO 20000 --- [    Test worker] .s.d.r.c.RepositoryConfigurationDelegate : Finished Spring Data repository scanning in 10 ms. Found 0 JPA repository interfaces.
2021-11-25 11:50:59.467  INFO 20000 --- [    Test worker] com.zaxxer.hikari.HikariDataSource       : HikariPool-13 - Starting...
2021-11-25 11:50:59.468  INFO 20000 --- [    Test worker] com.zaxxer.hikari.HikariDataSource       : HikariPool-13 - Start completed.
2021-11-25 11:50:59.489  INFO 20000 --- [    Test worker] org.hibernate.dialect.Dialect            : HHH000400: Using dialect: org.hibernate.dialect.H2Dialect
Hibernate: drop table if exists clientele CASCADE 
Hibernate: drop table if exists gift_certificate CASCADE 
Hibernate: drop table if exists gift_order CASCADE 
Hibernate: drop table if exists order_has_gift_certificate CASCADE 
Hibernate: drop table if exists relationship_certificates_and_tags CASCADE 
Hibernate: drop table if exists tag CASCADE 
Hibernate: create table clientele (id bigint generated by default as identity, name varchar(300) not null, primary key (id))
Hibernate: create table gift_certificate (id bigint generated by default as identity, create_date timestamp, description varchar(300) not null, duration integer not null, is_active boolean not null, last_update_date timestamp, name varchar(300) not null, price decimal(10,2) not null, primary key (id))
Hibernate: create table gift_order (id bigint generated by default as identity, cost decimal(10,2) not null, order_date timestamp, user_id bigint not null, primary key (id))
Hibernate: create table order_has_gift_certificate (gift_order_id bigint not null, gift_certificate_id bigint not null)
Hibernate: create table relationship_certificates_and_tags (gift_certificate_id bigint not null, tag_id bigint not null, primary key (gift_certificate_id, tag_id))
Hibernate: create table tag (id bigint generated by default as identity, name varchar(300) not null, primary key (id))
Hibernate: alter table clientele add constraint UK_aobfmhlv396hnawh3b75yfcut unique (name)
Hibernate: alter table tag add constraint UK_1wdpsed5kna2y38hnbgrnhi5b unique (name)
Hibernate: alter table gift_order add constraint FK8gi4qpa22d8majg14cotvpol foreign key (user_id) references clientele
Hibernate: alter table order_has_gift_certificate add constraint FKp7rxfnbo172fdo7qmpjs631e8 foreign key (gift_certificate_id) references gift_certificate
Hibernate: alter table order_has_gift_certificate add constraint FKaxxoocmkt7ft5d9wnabpw3x4b foreign key (gift_order_id) references gift_order
Hibernate: alter table relationship_certificates_and_tags add constraint FK9212cpwrctblegfcgkv8as854 foreign key (tag_id) references tag
Hibernate: alter table relationship_certificates_and_tags add constraint FKa93onw039ce54osfbyaca8cl1 foreign key (gift_certificate_id) references gift_certificate
2021-11-25 11:50:59.537  INFO 20000 --- [    Test worker] o.h.e.t.j.p.i.JtaPlatformInitiator       : HHH000490: Using JtaPlatform implementation: [org.hibernate.engine.transaction.jta.platform.internal.NoJtaPlatform]
2021-11-25 11:50:59.623  WARN 20000 --- [    Test worker] JpaBaseConfiguration$JpaWebConfiguration : spring.jpa.open-in-view is enabled by default. Therefore, database queries may be performed during view rendering. Explicitly configure spring.jpa.open-in-view to disable this warning
2021-11-25 11:50:59.927  INFO 20000 --- [    Test worker] o.s.b.a.e.web.EndpointLinksResolver      : Exposing 1 endpoint(s) beneath base path '/actuator'
2021-11-25 11:50:59.951  INFO 20000 --- [    Test worker] com.epam.esm.TagDAOImplTest              : Started TagDAOImplTest in 0.702 seconds (JVM running for 17.028)
Hibernate: select tag0_.id as id1_5_, tag0_.name as name2_5_ from tag tag0_ where tag0_.name=?
]]></system-out>
  <system-err><![CDATA[]]></system-err>
</testsuite>
